<?xml version="1.0" encoding="UTF-8"?>
<testsuites name="Test" time="52.852" tests="1" failures="1" errors="0">
   <testsuite name="Test" tests="1" failures="1" errors="0" time="52.852" skipped="0" timestamp="01-01-2024T23:41:52" hostname="abyad - Thinkbook" id="Test Suites/Test">
      <properties>
         <property name="deviceName" value=""/>
         <property name="devicePlatform" value=""/>
         <property name="logFolder" value="D:\\katalon\\akunmu-netflix\\Reports\\20240101_234144\\Test\\20240101_234144"/>
         <property name="logFiles" value="D:\\katalon\\akunmu-netflix\\Reports\\20240101_234144\\Test\\20240101_234144\\execution0.log"/>
         <property name="attachments" value="D:\\katalon\\akunmu-netflix\\Reports\\20240101_234144\\Test\\20240101_234144\\1704127365082.png"/>
         <property name="hostName" value="abyad - Thinkbook"/>
         <property name="os" value="Windows 11 64bit"/>
         <property name="katalonVersion" value="9.2.0.212"/>
         <property name="browser" value="Chrome 120.0.0.0"/>
         <property name="hostAddress" value="192.168.18.169"/>
         <property name="sessionId" value="039b6db64f3ba98966f2ebd03ec6f8e9"/>
         <property name="seleniumVersion" value="3.141.59"/>
         <property name="proxyInformation" value="ProxyInformation { proxyOption=NO_PROXY, proxyServerType=HTTP, username=, password=********, proxyServerAddress=, proxyServerPort=0, executionList=&quot;&quot;, isApplyToDesiredCapabilities=true }"/>
         <property name="platform" value="Windows 11"/>
      </properties>
      <testcase name="Test Cases/Profile v2.0" time="52.424" classname="Test Cases/Profile v2.0" status="FAILED">
         <failure type="FAILED" message="Test Cases/Profile v2.0 FAILED.&#xa;Reason:&#xa;com.kms.katalon.core.exception.StepFailedException: Unable to click on object 'Object Repository/Profile/profile add 2'&#xa;	at com.kms.katalon.core.webui.keyword.internal.WebUIKeywordMain.stepFailed(WebUIKeywordMain.groovy:64)&#xa;	at com.kms.katalon.core.webui.keyword.internal.WebUIKeywordMain.runKeyword(WebUIKeywordMain.groovy:26)&#xa;	at com.kms.katalon.core.webui.keyword.builtin.ClickKeyword.click(ClickKeyword.groovy:74)&#xa;	at com.kms.katalon.core.webui.keyword.builtin.ClickKeyword.execute(ClickKeyword.groovy:40)&#xa;	at com.kms.katalon.core.keyword.internal.KeywordExecutor.executeKeywordForPlatform(KeywordExecutor.groovy:74)&#xa;	at com.kms.katalon.core.webui.keyword.WebUiBuiltInKeywords.click(WebUiBuiltInKeywords.groovy:659)&#xa;	at Profile v2.0.run(Profile v2.0:122)&#xa;	at com.kms.katalon.core.main.ScriptEngine.run(ScriptEngine.java:194)&#xa;	at com.kms.katalon.core.main.ScriptEngine.runScriptAsRawText(ScriptEngine.java:119)&#xa;	at com.kms.katalon.core.main.TestCaseExecutor.runScript(TestCaseExecutor.java:448)&#xa;	at com.kms.katalon.core.main.TestCaseExecutor.doExecute(TestCaseExecutor.java:439)&#xa;	at com.kms.katalon.core.main.TestCaseExecutor.processExecutionPhase(TestCaseExecutor.java:418)&#xa;	at com.kms.katalon.core.main.TestCaseExecutor.accessMainPhase(TestCaseExecutor.java:410)&#xa;	at com.kms.katalon.core.main.TestCaseExecutor.execute(TestCaseExecutor.java:285)&#xa;	at com.kms.katalon.core.common.CommonExecutor.accessTestCaseMainPhase(CommonExecutor.java:65)&#xa;	at com.kms.katalon.core.main.TestSuiteExecutor.accessTestSuiteMainPhase(TestSuiteExecutor.java:148)&#xa;	at com.kms.katalon.core.main.TestSuiteExecutor.execute(TestSuiteExecutor.java:106)&#xa;	at com.kms.katalon.core.main.TestCaseMain.startTestSuite(TestCaseMain.java:180)&#xa;	at TempTestSuite1704127304765.run(TempTestSuite1704127304765.groovy:36)&#xa;	at java.base/jdk.internal.reflect.NativeMethodAccessorImpl.invoke0(Native Method)&#xa;	at java.base/jdk.internal.reflect.NativeMethodAccessorImpl.invoke(NativeMethodAccessorImpl.java:77)&#xa;	at java.base/jdk.internal.reflect.DelegatingMethodAccessorImpl.invoke(DelegatingMethodAccessorImpl.java:43)&#xa;Caused by: com.kms.katalon.core.webui.exception.WebElementNotFoundException: Web element with id: 'Object Repository/Profile/profile add 2' located by '//*[@id=&quot;appMountPoint&quot;]/div/div/div[1]/div[1]/div[2]/div/div/ul/li[2]/a/span' not found&#xa;	at com.kms.katalon.core.webui.common.WebUiCommonHelper.findWebElement(WebUiCommonHelper.java:1379)&#xa;	at com.kms.katalon.core.webui.keyword.internal.WebUIAbstractKeyword.findWebElement(WebUIAbstractKeyword.groovy:27)&#xa;	at com.kms.katalon.core.webui.keyword.builtin.ClickKeyword$_click_closure1.doCall(ClickKeyword.groovy:65)&#xa;	at com.kms.katalon.core.webui.keyword.builtin.ClickKeyword$_click_closure1.call(ClickKeyword.groovy)&#xa;	at com.kms.katalon.core.webui.keyword.internal.WebUIKeywordMain.runKeyword(WebUIKeywordMain.groovy:20)&#xa;	... 20 more&#xa;"/>
         <system-out><![CDATA[01-01-2024T23:41:52 - [TEST_CASE][FAILED] - Test Cases/Profile v2.0: Test Cases/Profile v2.0 FAILED.
Reason:
com.kms.katalon.core.exception.StepFailedException: Unable to click on object 'Object Repository/Profile/profile add 2'
	at com.kms.katalon.core.webui.keyword.internal.WebUIKeywordMain.stepFailed(WebUIKeywordMain.groovy:64)
	at com.kms.katalon.core.webui.keyword.internal.WebUIKeywordMain.runKeyword(WebUIKeywordMain.groovy:26)
	at com.kms.katalon.core.webui.keyword.builtin.ClickKeyword.click(ClickKeyword.groovy:74)
	at com.kms.katalon.core.webui.keyword.builtin.ClickKeyword.execute(ClickKeyword.groovy:40)
	at com.kms.katalon.core.keyword.internal.KeywordExecutor.executeKeywordForPlatform(KeywordExecutor.groovy:74)
	at com.kms.katalon.core.webui.keyword.WebUiBuiltInKeywords.click(WebUiBuiltInKeywords.groovy:659)
	at Profile v2.0.run(Profile v2.0:122)
	at com.kms.katalon.core.main.ScriptEngine.run(ScriptEngine.java:194)
	at com.kms.katalon.core.main.ScriptEngine.runScriptAsRawText(ScriptEngine.java:119)
	at com.kms.katalon.core.main.TestCaseExecutor.runScript(TestCaseExecutor.java:448)
	at com.kms.katalon.core.main.TestCaseExecutor.doExecute(TestCaseExecutor.java:439)
	at com.kms.katalon.core.main.TestCaseExecutor.processExecutionPhase(TestCaseExecutor.java:418)
	at com.kms.katalon.core.main.TestCaseExecutor.accessMainPhase(TestCaseExecutor.java:410)
	at com.kms.katalon.core.main.TestCaseExecutor.execute(TestCaseExecutor.java:285)
	at com.kms.katalon.core.common.CommonExecutor.accessTestCaseMainPhase(CommonExecutor.java:65)
	at com.kms.katalon.core.main.TestSuiteExecutor.accessTestSuiteMainPhase(TestSuiteExecutor.java:148)
	at com.kms.katalon.core.main.TestSuiteExecutor.execute(TestSuiteExecutor.java:106)
	at com.kms.katalon.core.main.TestCaseMain.startTestSuite(TestCaseMain.java:180)
	at TempTestSuite1704127304765.run(TempTestSuite1704127304765.groovy:36)
	at java.base/jdk.internal.reflect.NativeMethodAccessorImpl.invoke0(Native Method)
	at java.base/jdk.internal.reflect.NativeMethodAccessorImpl.invoke(NativeMethodAccessorImpl.java:77)
	at java.base/jdk.internal.reflect.DelegatingMethodAccessorImpl.invoke(DelegatingMethodAccessorImpl.java:43)
Caused by: com.kms.katalon.core.webui.exception.WebElementNotFoundException: Web element with id: 'Object Repository/Profile/profile add 2' located by '//*[@id="appMountPoint"]/div/div/div[1]/div[1]/div[2]/div/div/ul/li[2]/a/span' not found
	at com.kms.katalon.core.webui.common.WebUiCommonHelper.findWebElement(WebUiCommonHelper.java:1379)
	at com.kms.katalon.core.webui.keyword.internal.WebUIAbstractKeyword.findWebElement(WebUIAbstractKeyword.groovy:27)
	at com.kms.katalon.core.webui.keyword.builtin.ClickKeyword$_click_closure1.doCall(ClickKeyword.groovy:65)
	at com.kms.katalon.core.webui.keyword.builtin.ClickKeyword$_click_closure1.call(ClickKeyword.groovy)
	at com.kms.katalon.core.webui.keyword.internal.WebUIKeywordMain.runKeyword(WebUIKeywordMain.groovy:20)
	... 20 more


01-01-2024T23:41:53 - [TEST_STEP][PASSED] - openBrowser(""): Browser is opened with url: ''

01-01-2024T23:41:53 - [MESSAGE][INFO] - Starting 'Chrome' driver

01-01-2024T23:41:53 - [MESSAGE][INFO] - Action delay is set to 0 milliseconds

01-01-2024T23:41:55 - [MESSAGE][PASSED] - Browser is opened with url: ''

01-01-2024T23:41:55 - [TEST_STEP][PASSED] - navigateToUrl("https://www.netflix.com/id/login"): Navigate to 'https://www.netflix.com/id/login' successfully

01-01-2024T23:41:59 - [MESSAGE][PASSED] - Navigate to 'https://www.netflix.com/id/login' successfully

01-01-2024T23:41:59 - [TEST_STEP][PASSED] - click(findTestObject("Object Repository/Login/1 email")): Object: 'Object Repository/Login/1 email' is clicked on

01-01-2024T23:42:00 - [MESSAGE][PASSED] - Object: 'Object Repository/Login/1 email' is clicked on

01-01-2024T23:42:00 - [TEST_STEP][PASSED] - setText(findTestObject("Object Repository/Login/2 user id"), email): Text 'nud@frilsa.com' is set on object 'Object Repository/Login/2 user id'

01-01-2024T23:42:01 - [MESSAGE][PASSED] - Text 'nud@frilsa.com' is set on object 'Object Repository/Login/2 user id'

01-01-2024T23:42:01 - [TEST_STEP][PASSED] - setText(findTestObject("Object Repository/Login/3 password"), password): Text 'aku1100' is set on object 'Object Repository/Login/3 password'

01-01-2024T23:42:02 - [MESSAGE][PASSED] - Text 'aku1100' is set on object 'Object Repository/Login/3 password'

01-01-2024T23:42:02 - [TEST_STEP][PASSED] - click(findTestObject("Object Repository/Login/4 sign in")): Object: 'Object Repository/Login/4 sign in' is clicked on

01-01-2024T23:42:02 - [MESSAGE][PASSED] - Object: 'Object Repository/Login/4 sign in' is clicked on

01-01-2024T23:42:02 - [TEST_STEP][PASSED] - delay(2): Delayed 2 second(s)

01-01-2024T23:42:04 - [MESSAGE][PASSED] - Delayed 2 second(s)

01-01-2024T23:42:04 - [TEST_STEP][PASSED] - navigateToUrl("https://www.netflix.com/profiles/manage"): Navigate to 'https://www.netflix.com/profiles/manage' successfully

01-01-2024T23:42:08 - [MESSAGE][PASSED] - Navigate to 'https://www.netflix.com/profiles/manage' successfully

01-01-2024T23:42:08 - [TEST_STEP][PASSED] - click(findTestObject("Profile/profile yang ingin dihapus"), OPTIONAL): Object: 'Object Repository/Profile/profile yang ingin dihapus' is clicked on

01-01-2024T23:42:08 - [MESSAGE][PASSED] - Object: 'Object Repository/Profile/profile yang ingin dihapus' is clicked on

01-01-2024T23:42:08 - [TEST_STEP][PASSED] - click(findTestObject("Profile/profile delete"), OPTIONAL): Object: 'Object Repository/Profile/profile delete' is clicked on

01-01-2024T23:42:10 - [MESSAGE][PASSED] - Object: 'Object Repository/Profile/profile delete' is clicked on

01-01-2024T23:42:10 - [TEST_STEP][PASSED] - click(findTestObject("Profile/profile delete confirm"), OPTIONAL): Object: 'Object Repository/Profile/profile delete confirm' is clicked on

01-01-2024T23:42:10 - [MESSAGE][PASSED] - Object: 'Object Repository/Profile/profile delete confirm' is clicked on

01-01-2024T23:42:10 - [TEST_STEP][PASSED] - if (verifyElementPresent(findTestObject("Object Repository/Profile/GagalHapus/info hapus gagal"), 0, CONTINUE_ON_FAILURE)): null

01-01-2024T23:42:10 - [MESSAGE][WARNING] - Timeout '0' is invalid. Using default page load timeout: '2'

01-01-2024T23:42:11 - [MESSAGE][PASSED] - Object 'Object Repository/Profile/GagalHapus/info hapus gagal' is present

01-01-2024T23:42:11 - [TEST_STEP][PASSED] - click(findTestObject("Object Repository/Profile/GagalHapus/batal hapus")): Object: 'Object Repository/Profile/GagalHapus/batal hapus' is clicked on

01-01-2024T23:42:11 - [MESSAGE][PASSED] - Object: 'Object Repository/Profile/GagalHapus/batal hapus' is clicked on

01-01-2024T23:42:11 - [TEST_STEP][PASSED] - clearText(findTestObject("Profile/profile edit name text")): Text of object 'Object Repository/Profile/profile edit name text' is cleared

01-01-2024T23:42:12 - [MESSAGE][PASSED] - Text of object 'Object Repository/Profile/profile edit name text' is cleared

01-01-2024T23:42:12 - [TEST_STEP][PASSED] - setText(findTestObject("Profile/profile edit name text"), "PROFILE 2"): Text 'PROFILE 2' is set on object 'Object Repository/Profile/profile edit name text'

01-01-2024T23:42:13 - [MESSAGE][PASSED] - Text 'PROFILE 2' is set on object 'Object Repository/Profile/profile edit name text'

01-01-2024T23:42:13 - [TEST_STEP][PASSED] - click(findTestObject("Profile/language change")): Object: 'Object Repository/Profile/language change' is clicked on

01-01-2024T23:42:14 - [MESSAGE][PASSED] - Object: 'Object Repository/Profile/language change' is clicked on

01-01-2024T23:42:14 - [TEST_STEP][PASSED] - click(findTestObject("Profile/language indonesia")): Object: 'Object Repository/Profile/language indonesia' is clicked on

01-01-2024T23:42:14 - [MESSAGE][PASSED] - Object: 'Object Repository/Profile/language indonesia' is clicked on

01-01-2024T23:42:14 - [TEST_STEP][PASSED] - click(findTestObject("Profile/profile edit name save")): Object: 'Object Repository/Profile/profile edit name save' is clicked on

01-01-2024T23:42:15 - [MESSAGE][PASSED] - Object: 'Object Repository/Profile/profile edit name save' is clicked on

01-01-2024T23:42:15 - [TEST_STEP][PASSED] - click(findTestObject("Profile/profile yang ingin dihapus"), OPTIONAL): Object: 'Object Repository/Profile/profile yang ingin dihapus' is clicked on

01-01-2024T23:42:16 - [MESSAGE][PASSED] - Object: 'Object Repository/Profile/profile yang ingin dihapus' is clicked on

01-01-2024T23:42:16 - [TEST_STEP][PASSED] - click(findTestObject("Profile/profile delete"), OPTIONAL): Object: 'Object Repository/Profile/profile delete' is clicked on

01-01-2024T23:42:17 - [MESSAGE][PASSED] - Object: 'Object Repository/Profile/profile delete' is clicked on

01-01-2024T23:42:17 - [TEST_STEP][PASSED] - click(findTestObject("Profile/profile delete confirm"), OPTIONAL): Object: 'Object Repository/Profile/profile delete confirm' is clicked on

01-01-2024T23:42:18 - [MESSAGE][PASSED] - Object: 'Object Repository/Profile/profile delete confirm' is clicked on

01-01-2024T23:42:18 - [TEST_STEP][PASSED] - if (verifyElementPresent(findTestObject("Object Repository/Profile/GagalHapus/info hapus gagal"), 0, CONTINUE_ON_FAILURE)): null

01-01-2024T23:42:18 - [MESSAGE][WARNING] - Timeout '0' is invalid. Using default page load timeout: '2'

01-01-2024T23:42:19 - [MESSAGE][PASSED] - Object 'Object Repository/Profile/GagalHapus/info hapus gagal' is present

01-01-2024T23:42:19 - [TEST_STEP][PASSED] - click(findTestObject("Object Repository/Profile/GagalHapus/batal hapus")): Object: 'Object Repository/Profile/GagalHapus/batal hapus' is clicked on

01-01-2024T23:42:19 - [MESSAGE][PASSED] - Object: 'Object Repository/Profile/GagalHapus/batal hapus' is clicked on

01-01-2024T23:42:19 - [TEST_STEP][PASSED] - clearText(findTestObject("Profile/profile edit name text")): Text of object 'Object Repository/Profile/profile edit name text' is cleared

01-01-2024T23:42:19 - [MESSAGE][PASSED] - Text of object 'Object Repository/Profile/profile edit name text' is cleared

01-01-2024T23:42:19 - [TEST_STEP][PASSED] - setText(findTestObject("Profile/profile edit name text"), "PROFILE 2"): Text 'PROFILE 2' is set on object 'Object Repository/Profile/profile edit name text'

01-01-2024T23:42:20 - [MESSAGE][PASSED] - Text 'PROFILE 2' is set on object 'Object Repository/Profile/profile edit name text'

01-01-2024T23:42:20 - [TEST_STEP][PASSED] - click(findTestObject("Profile/language change")): Object: 'Object Repository/Profile/language change' is clicked on

01-01-2024T23:42:21 - [MESSAGE][PASSED] - Object: 'Object Repository/Profile/language change' is clicked on

01-01-2024T23:42:21 - [TEST_STEP][PASSED] - click(findTestObject("Profile/language indonesia")): Object: 'Object Repository/Profile/language indonesia' is clicked on

01-01-2024T23:42:21 - [MESSAGE][PASSED] - Object: 'Object Repository/Profile/language indonesia' is clicked on

01-01-2024T23:42:21 - [TEST_STEP][PASSED] - click(findTestObject("Profile/profile edit name save")): Object: 'Object Repository/Profile/profile edit name save' is clicked on

01-01-2024T23:42:22 - [MESSAGE][PASSED] - Object: 'Object Repository/Profile/profile edit name save' is clicked on

01-01-2024T23:42:22 - [TEST_STEP][PASSED] - click(findTestObject("Profile/profile yang ingin dihapus"), OPTIONAL): Object: 'Object Repository/Profile/profile yang ingin dihapus' is clicked on

01-01-2024T23:42:23 - [MESSAGE][PASSED] - Object: 'Object Repository/Profile/profile yang ingin dihapus' is clicked on

01-01-2024T23:42:23 - [TEST_STEP][PASSED] - click(findTestObject("Profile/profile delete"), OPTIONAL): Object: 'Object Repository/Profile/profile delete' is clicked on

01-01-2024T23:42:24 - [MESSAGE][PASSED] - Object: 'Object Repository/Profile/profile delete' is clicked on

01-01-2024T23:42:24 - [TEST_STEP][PASSED] - click(findTestObject("Profile/profile delete confirm"), OPTIONAL): Object: 'Object Repository/Profile/profile delete confirm' is clicked on

01-01-2024T23:42:25 - [MESSAGE][PASSED] - Object: 'Object Repository/Profile/profile delete confirm' is clicked on

01-01-2024T23:42:25 - [TEST_STEP][PASSED] - if (verifyElementPresent(findTestObject("Object Repository/Profile/GagalHapus/info hapus gagal"), 0, CONTINUE_ON_FAILURE)): null

01-01-2024T23:42:25 - [MESSAGE][WARNING] - Timeout '0' is invalid. Using default page load timeout: '2'

01-01-2024T23:42:25 - [MESSAGE][PASSED] - Object 'Object Repository/Profile/GagalHapus/info hapus gagal' is present

01-01-2024T23:42:25 - [TEST_STEP][PASSED] - click(findTestObject("Object Repository/Profile/GagalHapus/batal hapus")): Object: 'Object Repository/Profile/GagalHapus/batal hapus' is clicked on

01-01-2024T23:42:26 - [MESSAGE][PASSED] - Object: 'Object Repository/Profile/GagalHapus/batal hapus' is clicked on

01-01-2024T23:42:26 - [TEST_STEP][PASSED] - clearText(findTestObject("Profile/profile edit name text")): Text of object 'Object Repository/Profile/profile edit name text' is cleared

01-01-2024T23:42:26 - [MESSAGE][PASSED] - Text of object 'Object Repository/Profile/profile edit name text' is cleared

01-01-2024T23:42:26 - [TEST_STEP][PASSED] - setText(findTestObject("Profile/profile edit name text"), "PROFILE 2"): Text 'PROFILE 2' is set on object 'Object Repository/Profile/profile edit name text'

01-01-2024T23:42:27 - [MESSAGE][PASSED] - Text 'PROFILE 2' is set on object 'Object Repository/Profile/profile edit name text'

01-01-2024T23:42:27 - [TEST_STEP][PASSED] - click(findTestObject("Profile/language change")): Object: 'Object Repository/Profile/language change' is clicked on

01-01-2024T23:42:28 - [MESSAGE][PASSED] - Object: 'Object Repository/Profile/language change' is clicked on

01-01-2024T23:42:28 - [TEST_STEP][PASSED] - click(findTestObject("Profile/language indonesia")): Object: 'Object Repository/Profile/language indonesia' is clicked on

01-01-2024T23:42:28 - [MESSAGE][PASSED] - Object: 'Object Repository/Profile/language indonesia' is clicked on

01-01-2024T23:42:28 - [TEST_STEP][PASSED] - click(findTestObject("Profile/profile edit name save")): Object: 'Object Repository/Profile/profile edit name save' is clicked on

01-01-2024T23:42:29 - [MESSAGE][PASSED] - Object: 'Object Repository/Profile/profile edit name save' is clicked on

01-01-2024T23:42:29 - [TEST_STEP][PASSED] - click(findTestObject("Profile/profile yang ingin dihapus"), OPTIONAL): Object: 'Object Repository/Profile/profile yang ingin dihapus' is clicked on

01-01-2024T23:42:30 - [MESSAGE][PASSED] - Object: 'Object Repository/Profile/profile yang ingin dihapus' is clicked on

01-01-2024T23:42:30 - [TEST_STEP][PASSED] - click(findTestObject("Profile/profile delete"), OPTIONAL): Object: 'Object Repository/Profile/profile delete' is clicked on

01-01-2024T23:42:31 - [MESSAGE][PASSED] - Object: 'Object Repository/Profile/profile delete' is clicked on

01-01-2024T23:42:31 - [TEST_STEP][PASSED] - click(findTestObject("Profile/profile delete confirm"), OPTIONAL): Object: 'Object Repository/Profile/profile delete confirm' is clicked on

01-01-2024T23:42:31 - [MESSAGE][PASSED] - Object: 'Object Repository/Profile/profile delete confirm' is clicked on

01-01-2024T23:42:31 - [TEST_STEP][PASSED] - if (verifyElementPresent(findTestObject("Object Repository/Profile/GagalHapus/info hapus gagal"), 0, CONTINUE_ON_FAILURE)): null

01-01-2024T23:42:31 - [MESSAGE][WARNING] - Timeout '0' is invalid. Using default page load timeout: '2'

01-01-2024T23:42:32 - [MESSAGE][PASSED] - Object 'Object Repository/Profile/GagalHapus/info hapus gagal' is present

01-01-2024T23:42:32 - [TEST_STEP][PASSED] - click(findTestObject("Object Repository/Profile/GagalHapus/batal hapus")): Object: 'Object Repository/Profile/GagalHapus/batal hapus' is clicked on

01-01-2024T23:42:33 - [MESSAGE][PASSED] - Object: 'Object Repository/Profile/GagalHapus/batal hapus' is clicked on

01-01-2024T23:42:33 - [TEST_STEP][PASSED] - clearText(findTestObject("Profile/profile edit name text")): Text of object 'Object Repository/Profile/profile edit name text' is cleared

01-01-2024T23:42:33 - [MESSAGE][PASSED] - Text of object 'Object Repository/Profile/profile edit name text' is cleared

01-01-2024T23:42:33 - [TEST_STEP][PASSED] - setText(findTestObject("Profile/profile edit name text"), "PROFILE 2"): Text 'PROFILE 2' is set on object 'Object Repository/Profile/profile edit name text'

01-01-2024T23:42:34 - [MESSAGE][PASSED] - Text 'PROFILE 2' is set on object 'Object Repository/Profile/profile edit name text'

01-01-2024T23:42:34 - [TEST_STEP][PASSED] - click(findTestObject("Profile/language change")): Object: 'Object Repository/Profile/language change' is clicked on

01-01-2024T23:42:34 - [MESSAGE][PASSED] - Object: 'Object Repository/Profile/language change' is clicked on

01-01-2024T23:42:34 - [TEST_STEP][PASSED] - click(findTestObject("Profile/language indonesia")): Object: 'Object Repository/Profile/language indonesia' is clicked on

01-01-2024T23:42:35 - [MESSAGE][PASSED] - Object: 'Object Repository/Profile/language indonesia' is clicked on

01-01-2024T23:42:35 - [TEST_STEP][PASSED] - click(findTestObject("Profile/profile edit name save")): Object: 'Object Repository/Profile/profile edit name save' is clicked on

01-01-2024T23:42:36 - [MESSAGE][PASSED] - Object: 'Object Repository/Profile/profile edit name save' is clicked on

01-01-2024T23:42:36 - [TEST_STEP][PASSED] - navigateToUrl("https://www.netflix.com/profiles/manage", OPTIONAL): Navigate to 'https://www.netflix.com/profiles/manage' successfully

01-01-2024T23:42:37 - [MESSAGE][PASSED] - Navigate to 'https://www.netflix.com/profiles/manage' successfully

01-01-2024T23:42:37 - [TEST_STEP][PASSED] - click(findTestObject("Profile/profile edit name 1")): Object: 'Object Repository/Profile/profile edit name 1' is clicked on

01-01-2024T23:42:38 - [MESSAGE][PASSED] - Object: 'Object Repository/Profile/profile edit name 1' is clicked on

01-01-2024T23:42:38 - [TEST_STEP][PASSED] - clearText(findTestObject("Profile/profile edit name text")): Text of object 'Object Repository/Profile/profile edit name text' is cleared

01-01-2024T23:42:39 - [MESSAGE][PASSED] - Text of object 'Object Repository/Profile/profile edit name text' is cleared

01-01-2024T23:42:39 - [TEST_STEP][PASSED] - setText(findTestObject("Profile/profile edit name text"), "PROFILE 1"): Text 'PROFILE 1' is set on object 'Object Repository/Profile/profile edit name text'

01-01-2024T23:42:40 - [MESSAGE][PASSED] - Text 'PROFILE 1' is set on object 'Object Repository/Profile/profile edit name text'

01-01-2024T23:42:40 - [TEST_STEP][PASSED] - click(findTestObject("Profile/language change")): Object: 'Object Repository/Profile/language change' is clicked on

01-01-2024T23:42:40 - [MESSAGE][PASSED] - Object: 'Object Repository/Profile/language change' is clicked on

01-01-2024T23:42:40 - [TEST_STEP][PASSED] - click(findTestObject("Profile/language indonesia")): Object: 'Object Repository/Profile/language indonesia' is clicked on

01-01-2024T23:42:41 - [MESSAGE][PASSED] - Object: 'Object Repository/Profile/language indonesia' is clicked on

01-01-2024T23:42:41 - [TEST_STEP][PASSED] - click(findTestObject("Profile/profile edit name save")): Object: 'Object Repository/Profile/profile edit name save' is clicked on

01-01-2024T23:42:41 - [MESSAGE][PASSED] - Object: 'Object Repository/Profile/profile edit name save' is clicked on

01-01-2024T23:42:41 - [TEST_STEP][FAILED] - click(findTestObject("Profile/profile add 2")): Unable to click on object 'Object Repository/Profile/profile add 2' (Root cause: com.kms.katalon.core.exception.StepFailedException: Unable to click on object 'Object Repository/Profile/profile add 2'
	at com.kms.katalon.core.webui.keyword.internal.WebUIKeywordMain.stepFailed(WebUIKeywordMain.groovy:64)
	at com.kms.katalon.core.webui.keyword.internal.WebUIKeywordMain.runKeyword(WebUIKeywordMain.groovy:26)
	at com.kms.katalon.core.webui.keyword.builtin.ClickKeyword.click(ClickKeyword.groovy:74)
	at com.kms.katalon.core.webui.keyword.builtin.ClickKeyword.execute(ClickKeyword.groovy:40)
	at com.kms.katalon.core.keyword.internal.KeywordExecutor.executeKeywordForPlatform(KeywordExecutor.groovy:74)
	at com.kms.katalon.core.webui.keyword.WebUiBuiltInKeywords.click(WebUiBuiltInKeywords.groovy:659)
	at Profile v2.0.run(Profile v2.0:122)
	at com.kms.katalon.core.main.ScriptEngine.run(ScriptEngine.java:194)
	at com.kms.katalon.core.main.ScriptEngine.runScriptAsRawText(ScriptEngine.java:119)
	at com.kms.katalon.core.main.TestCaseExecutor.runScript(TestCaseExecutor.java:448)
	at com.kms.katalon.core.main.TestCaseExecutor.doExecute(TestCaseExecutor.java:439)
	at com.kms.katalon.core.main.TestCaseExecutor.processExecutionPhase(TestCaseExecutor.java:418)
	at com.kms.katalon.core.main.TestCaseExecutor.accessMainPhase(TestCaseExecutor.java:410)
	at com.kms.katalon.core.main.TestCaseExecutor.execute(TestCaseExecutor.java:285)
	at com.kms.katalon.core.common.CommonExecutor.accessTestCaseMainPhase(CommonExecutor.java:65)
	at com.kms.katalon.core.main.TestSuiteExecutor.accessTestSuiteMainPhase(TestSuiteExecutor.java:148)
	at com.kms.katalon.core.main.TestSuiteExecutor.execute(TestSuiteExecutor.java:106)
	at com.kms.katalon.core.main.TestCaseMain.startTestSuite(TestCaseMain.java:180)
	at TempTestSuite1704127304765.run(TempTestSuite1704127304765.groovy:36)
	at java.base/jdk.internal.reflect.NativeMethodAccessorImpl.invoke0(Native Method)
	at java.base/jdk.internal.reflect.NativeMethodAccessorImpl.invoke(NativeMethodAccessorImpl.java:77)
	at java.base/jdk.internal.reflect.DelegatingMethodAccessorImpl.invoke(DelegatingMethodAccessorImpl.java:43)
Caused by: com.kms.katalon.core.webui.exception.WebElementNotFoundException: Web element with id: 'Object Repository/Profile/profile add 2' located by '//*[@id="appMountPoint"]/div/div/div[1]/div[1]/div[2]/div/div/ul/li[2]/a/span' not found
	at com.kms.katalon.core.webui.common.WebUiCommonHelper.findWebElement(WebUiCommonHelper.java:1379)
	at com.kms.katalon.core.webui.keyword.internal.WebUIAbstractKeyword.findWebElement(WebUIAbstractKeyword.groovy:27)
	at com.kms.katalon.core.webui.keyword.builtin.ClickKeyword$_click_closure1.doCall(ClickKeyword.groovy:65)
	at com.kms.katalon.core.webui.keyword.builtin.ClickKeyword$_click_closure1.call(ClickKeyword.groovy)
	at com.kms.katalon.core.webui.keyword.internal.WebUIKeywordMain.runKeyword(WebUIKeywordMain.groovy:20)
	at com.kms.katalon.core.webui.keyword.builtin.ClickKeyword.click(ClickKeyword.groovy:74)
	at com.kms.katalon.core.webui.keyword.builtin.ClickKeyword.execute(ClickKeyword.groovy:40)
	at com.kms.katalon.core.keyword.internal.KeywordExecutor.executeKeywordForPlatform(KeywordExecutor.groovy:74)
	at com.kms.katalon.core.webui.keyword.WebUiBuiltInKeywords.click(WebUiBuiltInKeywords.groovy:659)
	at Script1704125291888.run(Script1704125291888.groovy:122)
	... 15 more
)

01-01-2024T23:42:45 - [MESSAGE][INFO] - Unable to find the element located by 'By.xpath: //*[@id="appMountPoint"]/div/div/div[1]/div[1]/div[2]/div/div/ul/li[2]/a/span'. Please recheck the objects properties to make sure the desired element is located. 

01-01-2024T23:42:45 - [MESSAGE][FAILED] - Unable to click on object 'Object Repository/Profile/profile add 2' (Root cause: com.kms.katalon.core.exception.StepFailedException: Unable to click on object 'Object Repository/Profile/profile add 2'
	at com.kms.katalon.core.webui.keyword.internal.WebUIKeywordMain.stepFailed(WebUIKeywordMain.groovy:64)
	at com.kms.katalon.core.webui.keyword.internal.WebUIKeywordMain.runKeyword(WebUIKeywordMain.groovy:26)
	at com.kms.katalon.core.webui.keyword.builtin.ClickKeyword.click(ClickKeyword.groovy:74)
	at com.kms.katalon.core.webui.keyword.builtin.ClickKeyword.execute(ClickKeyword.groovy:40)
	at com.kms.katalon.core.keyword.internal.KeywordExecutor.executeKeywordForPlatform(KeywordExecutor.groovy:74)
	at com.kms.katalon.core.webui.keyword.WebUiBuiltInKeywords.click(WebUiBuiltInKeywords.groovy:659)
	at Profile v2.0.run(Profile v2.0:122)
	at com.kms.katalon.core.main.ScriptEngine.run(ScriptEngine.java:194)
	at com.kms.katalon.core.main.ScriptEngine.runScriptAsRawText(ScriptEngine.java:119)
	at com.kms.katalon.core.main.TestCaseExecutor.runScript(TestCaseExecutor.java:448)
	at com.kms.katalon.core.main.TestCaseExecutor.doExecute(TestCaseExecutor.java:439)
	at com.kms.katalon.core.main.TestCaseExecutor.processExecutionPhase(TestCaseExecutor.java:418)
	at com.kms.katalon.core.main.TestCaseExecutor.accessMainPhase(TestCaseExecutor.java:410)
	at com.kms.katalon.core.main.TestCaseExecutor.execute(TestCaseExecutor.java:285)
	at com.kms.katalon.core.common.CommonExecutor.accessTestCaseMainPhase(CommonExecutor.java:65)
	at com.kms.katalon.core.main.TestSuiteExecutor.accessTestSuiteMainPhase(TestSuiteExecutor.java:148)
	at com.kms.katalon.core.main.TestSuiteExecutor.execute(TestSuiteExecutor.java:106)
	at com.kms.katalon.core.main.TestCaseMain.startTestSuite(TestCaseMain.java:180)
	at TempTestSuite1704127304765.run(TempTestSuite1704127304765.groovy:36)
	at java.base/jdk.internal.reflect.NativeMethodAccessorImpl.invoke0(Native Method)
	at java.base/jdk.internal.reflect.NativeMethodAccessorImpl.invoke(NativeMethodAccessorImpl.java:77)
	at java.base/jdk.internal.reflect.DelegatingMethodAccessorImpl.invoke(DelegatingMethodAccessorImpl.java:43)
Caused by: com.kms.katalon.core.webui.exception.WebElementNotFoundException: Web element with id: 'Object Repository/Profile/profile add 2' located by '//*[@id="appMountPoint"]/div/div/div[1]/div[1]/div[2]/div/div/ul/li[2]/a/span' not found
	at com.kms.katalon.core.webui.common.WebUiCommonHelper.findWebElement(WebUiCommonHelper.java:1379)
	at com.kms.katalon.core.webui.keyword.internal.WebUIAbstractKeyword.findWebElement(WebUIAbstractKeyword.groovy:27)
	at com.kms.katalon.core.webui.keyword.builtin.ClickKeyword$_click_closure1.doCall(ClickKeyword.groovy:65)
	at com.kms.katalon.core.webui.keyword.builtin.ClickKeyword$_click_closure1.call(ClickKeyword.groovy)
	at com.kms.katalon.core.webui.keyword.internal.WebUIKeywordMain.runKeyword(WebUIKeywordMain.groovy:20)
	at com.kms.katalon.core.webui.keyword.builtin.ClickKeyword.click(ClickKeyword.groovy:74)
	at com.kms.katalon.core.webui.keyword.builtin.ClickKeyword.execute(ClickKeyword.groovy:40)
	at com.kms.katalon.core.keyword.internal.KeywordExecutor.executeKeywordForPlatform(KeywordExecutor.groovy:74)
	at com.kms.katalon.core.webui.keyword.WebUiBuiltInKeywords.click(WebUiBuiltInKeywords.groovy:659)
	at Script1704125291888.run(Script1704125291888.groovy:122)
	... 15 more
)
[[ATTACHMENT|D:\\katalon\\akunmu-netflix\\Reports\\20240101_234144\\Test\\20240101_234144\\1704127365082.png]]]]></system-out>
         <system-err><![CDATA[01-01-2024T23:41:52 - [TEST_CASE][FAILED] - Test Cases/Profile v2.0: Test Cases/Profile v2.0 FAILED.
Reason:
com.kms.katalon.core.exception.StepFailedException: Unable to click on object 'Object Repository/Profile/profile add 2'
	at com.kms.katalon.core.webui.keyword.internal.WebUIKeywordMain.stepFailed(WebUIKeywordMain.groovy:64)
	at com.kms.katalon.core.webui.keyword.internal.WebUIKeywordMain.runKeyword(WebUIKeywordMain.groovy:26)
	at com.kms.katalon.core.webui.keyword.builtin.ClickKeyword.click(ClickKeyword.groovy:74)
	at com.kms.katalon.core.webui.keyword.builtin.ClickKeyword.execute(ClickKeyword.groovy:40)
	at com.kms.katalon.core.keyword.internal.KeywordExecutor.executeKeywordForPlatform(KeywordExecutor.groovy:74)
	at com.kms.katalon.core.webui.keyword.WebUiBuiltInKeywords.click(WebUiBuiltInKeywords.groovy:659)
	at Profile v2.0.run(Profile v2.0:122)
	at com.kms.katalon.core.main.ScriptEngine.run(ScriptEngine.java:194)
	at com.kms.katalon.core.main.ScriptEngine.runScriptAsRawText(ScriptEngine.java:119)
	at com.kms.katalon.core.main.TestCaseExecutor.runScript(TestCaseExecutor.java:448)
	at com.kms.katalon.core.main.TestCaseExecutor.doExecute(TestCaseExecutor.java:439)
	at com.kms.katalon.core.main.TestCaseExecutor.processExecutionPhase(TestCaseExecutor.java:418)
	at com.kms.katalon.core.main.TestCaseExecutor.accessMainPhase(TestCaseExecutor.java:410)
	at com.kms.katalon.core.main.TestCaseExecutor.execute(TestCaseExecutor.java:285)
	at com.kms.katalon.core.common.CommonExecutor.accessTestCaseMainPhase(CommonExecutor.java:65)
	at com.kms.katalon.core.main.TestSuiteExecutor.accessTestSuiteMainPhase(TestSuiteExecutor.java:148)
	at com.kms.katalon.core.main.TestSuiteExecutor.execute(TestSuiteExecutor.java:106)
	at com.kms.katalon.core.main.TestCaseMain.startTestSuite(TestCaseMain.java:180)
	at TempTestSuite1704127304765.run(TempTestSuite1704127304765.groovy:36)
	at java.base/jdk.internal.reflect.NativeMethodAccessorImpl.invoke0(Native Method)
	at java.base/jdk.internal.reflect.NativeMethodAccessorImpl.invoke(NativeMethodAccessorImpl.java:77)
	at java.base/jdk.internal.reflect.DelegatingMethodAccessorImpl.invoke(DelegatingMethodAccessorImpl.java:43)
Caused by: com.kms.katalon.core.webui.exception.WebElementNotFoundException: Web element with id: 'Object Repository/Profile/profile add 2' located by '//*[@id="appMountPoint"]/div/div/div[1]/div[1]/div[2]/div/div/ul/li[2]/a/span' not found
	at com.kms.katalon.core.webui.common.WebUiCommonHelper.findWebElement(WebUiCommonHelper.java:1379)
	at com.kms.katalon.core.webui.keyword.internal.WebUIAbstractKeyword.findWebElement(WebUIAbstractKeyword.groovy:27)
	at com.kms.katalon.core.webui.keyword.builtin.ClickKeyword$_click_closure1.doCall(ClickKeyword.groovy:65)
	at com.kms.katalon.core.webui.keyword.builtin.ClickKeyword$_click_closure1.call(ClickKeyword.groovy)
	at com.kms.katalon.core.webui.keyword.internal.WebUIKeywordMain.runKeyword(WebUIKeywordMain.groovy:20)
	... 20 more]]></system-err>
      </testcase>
      <system-out><![CDATA[01-01-2024T23:41:52 - [TEST_SUITE][FAILED] - Test: Test Cases/Profile v2.0 FAILED.
Reason:
com.kms.katalon.core.exception.StepFailedException: Unable to click on object 'Object Repository/Profile/profile add 2'
	at com.kms.katalon.core.webui.keyword.internal.WebUIKeywordMain.stepFailed(WebUIKeywordMain.groovy:64)
	at com.kms.katalon.core.webui.keyword.internal.WebUIKeywordMain.runKeyword(WebUIKeywordMain.groovy:26)
	at com.kms.katalon.core.webui.keyword.builtin.ClickKeyword.click(ClickKeyword.groovy:74)
	at com.kms.katalon.core.webui.keyword.builtin.ClickKeyword.execute(ClickKeyword.groovy:40)
	at com.kms.katalon.core.keyword.internal.KeywordExecutor.executeKeywordForPlatform(KeywordExecutor.groovy:74)
	at com.kms.katalon.core.webui.keyword.WebUiBuiltInKeywords.click(WebUiBuiltInKeywords.groovy:659)
	at Profile v2.0.run(Profile v2.0:122)
	at com.kms.katalon.core.main.ScriptEngine.run(ScriptEngine.java:194)
	at com.kms.katalon.core.main.ScriptEngine.runScriptAsRawText(ScriptEngine.java:119)
	at com.kms.katalon.core.main.TestCaseExecutor.runScript(TestCaseExecutor.java:448)
	at com.kms.katalon.core.main.TestCaseExecutor.doExecute(TestCaseExecutor.java:439)
	at com.kms.katalon.core.main.TestCaseExecutor.processExecutionPhase(TestCaseExecutor.java:418)
	at com.kms.katalon.core.main.TestCaseExecutor.accessMainPhase(TestCaseExecutor.java:410)
	at com.kms.katalon.core.main.TestCaseExecutor.execute(TestCaseExecutor.java:285)
	at com.kms.katalon.core.common.CommonExecutor.accessTestCaseMainPhase(CommonExecutor.java:65)
	at com.kms.katalon.core.main.TestSuiteExecutor.accessTestSuiteMainPhase(TestSuiteExecutor.java:148)
	at com.kms.katalon.core.main.TestSuiteExecutor.execute(TestSuiteExecutor.java:106)
	at com.kms.katalon.core.main.TestCaseMain.startTestSuite(TestCaseMain.java:180)
	at TempTestSuite1704127304765.run(TempTestSuite1704127304765.groovy:36)
	at java.base/jdk.internal.reflect.NativeMethodAccessorImpl.invoke0(Native Method)
	at java.base/jdk.internal.reflect.NativeMethodAccessorImpl.invoke(NativeMethodAccessorImpl.java:77)
	at java.base/jdk.internal.reflect.DelegatingMethodAccessorImpl.invoke(DelegatingMethodAccessorImpl.java:43)
Caused by: com.kms.katalon.core.webui.exception.WebElementNotFoundException: Web element with id: 'Object Repository/Profile/profile add 2' located by '//*[@id="appMountPoint"]/div/div/div[1]/div[1]/div[2]/div/div/ul/li[2]/a/span' not found
	at com.kms.katalon.core.webui.common.WebUiCommonHelper.findWebElement(WebUiCommonHelper.java:1379)
	at com.kms.katalon.core.webui.keyword.internal.WebUIAbstractKeyword.findWebElement(WebUIAbstractKeyword.groovy:27)
	at com.kms.katalon.core.webui.keyword.builtin.ClickKeyword$_click_closure1.doCall(ClickKeyword.groovy:65)
	at com.kms.katalon.core.webui.keyword.builtin.ClickKeyword$_click_closure1.call(ClickKeyword.groovy)
	at com.kms.katalon.core.webui.keyword.internal.WebUIKeywordMain.runKeyword(WebUIKeywordMain.groovy:20)
	... 20 more]]></system-out>
      <system-err><![CDATA[01-01-2024T23:41:52 - [TEST_SUITE][FAILED] - Test: Test Cases/Profile v2.0 FAILED.
Reason:
com.kms.katalon.core.exception.StepFailedException: Unable to click on object 'Object Repository/Profile/profile add 2'
	at com.kms.katalon.core.webui.keyword.internal.WebUIKeywordMain.stepFailed(WebUIKeywordMain.groovy:64)
	at com.kms.katalon.core.webui.keyword.internal.WebUIKeywordMain.runKeyword(WebUIKeywordMain.groovy:26)
	at com.kms.katalon.core.webui.keyword.builtin.ClickKeyword.click(ClickKeyword.groovy:74)
	at com.kms.katalon.core.webui.keyword.builtin.ClickKeyword.execute(ClickKeyword.groovy:40)
	at com.kms.katalon.core.keyword.internal.KeywordExecutor.executeKeywordForPlatform(KeywordExecutor.groovy:74)
	at com.kms.katalon.core.webui.keyword.WebUiBuiltInKeywords.click(WebUiBuiltInKeywords.groovy:659)
	at Profile v2.0.run(Profile v2.0:122)
	at com.kms.katalon.core.main.ScriptEngine.run(ScriptEngine.java:194)
	at com.kms.katalon.core.main.ScriptEngine.runScriptAsRawText(ScriptEngine.java:119)
	at com.kms.katalon.core.main.TestCaseExecutor.runScript(TestCaseExecutor.java:448)
	at com.kms.katalon.core.main.TestCaseExecutor.doExecute(TestCaseExecutor.java:439)
	at com.kms.katalon.core.main.TestCaseExecutor.processExecutionPhase(TestCaseExecutor.java:418)
	at com.kms.katalon.core.main.TestCaseExecutor.accessMainPhase(TestCaseExecutor.java:410)
	at com.kms.katalon.core.main.TestCaseExecutor.execute(TestCaseExecutor.java:285)
	at com.kms.katalon.core.common.CommonExecutor.accessTestCaseMainPhase(CommonExecutor.java:65)
	at com.kms.katalon.core.main.TestSuiteExecutor.accessTestSuiteMainPhase(TestSuiteExecutor.java:148)
	at com.kms.katalon.core.main.TestSuiteExecutor.execute(TestSuiteExecutor.java:106)
	at com.kms.katalon.core.main.TestCaseMain.startTestSuite(TestCaseMain.java:180)
	at TempTestSuite1704127304765.run(TempTestSuite1704127304765.groovy:36)
	at java.base/jdk.internal.reflect.NativeMethodAccessorImpl.invoke0(Native Method)
	at java.base/jdk.internal.reflect.NativeMethodAccessorImpl.invoke(NativeMethodAccessorImpl.java:77)
	at java.base/jdk.internal.reflect.DelegatingMethodAccessorImpl.invoke(DelegatingMethodAccessorImpl.java:43)
Caused by: com.kms.katalon.core.webui.exception.WebElementNotFoundException: Web element with id: 'Object Repository/Profile/profile add 2' located by '//*[@id="appMountPoint"]/div/div/div[1]/div[1]/div[2]/div/div/ul/li[2]/a/span' not found
	at com.kms.katalon.core.webui.common.WebUiCommonHelper.findWebElement(WebUiCommonHelper.java:1379)
	at com.kms.katalon.core.webui.keyword.internal.WebUIAbstractKeyword.findWebElement(WebUIAbstractKeyword.groovy:27)
	at com.kms.katalon.core.webui.keyword.builtin.ClickKeyword$_click_closure1.doCall(ClickKeyword.groovy:65)
	at com.kms.katalon.core.webui.keyword.builtin.ClickKeyword$_click_closure1.call(ClickKeyword.groovy)
	at com.kms.katalon.core.webui.keyword.internal.WebUIKeywordMain.runKeyword(WebUIKeywordMain.groovy:20)
	... 20 more]]></system-err>
   </testsuite>
</testsuites>
