<?xml version="1.0" encoding="UTF-8"?>
<testsuites name="Reset" time="242.623" tests="3" failures="1" errors="0">
   <testsuite name="Reset" tests="3" failures="1" errors="0" time="242.623" skipped="0" timestamp="01-01-2024T18:51:01" hostname="abyad - Thinkbook" id="Test Suites/Reset">
      <properties>
         <property name="deviceName" value=""/>
         <property name="devicePlatform" value=""/>
         <property name="logFolder" value="D:\\katalon\\Netflix\\Netflix - Create Profile\\Reports\\20240101_185053\\Reset\\20240101_185054"/>
         <property name="logFiles" value="D:\\katalon\\Netflix\\Netflix - Create Profile\\Reports\\20240101_185053\\Reset\\20240101_185054\\execution0.log"/>
         <property name="attachments" value="D:\\katalon\\Netflix\\Netflix - Create Profile\\Reports\\20240101_185053\\Reset\\20240101_185054\\1704110008546.png, D:\\katalon\\Netflix\\Netflix - Create Profile\\Reports\\20240101_185053\\Reset\\20240101_185054\\1704110008666.png"/>
         <property name="hostName" value="abyad - Thinkbook"/>
         <property name="os" value="Windows 11 64bit"/>
         <property name="katalonVersion" value="9.2.0.212"/>
         <property name="browser" value="Chrome 120.0.0.0"/>
         <property name="hostAddress" value="192.168.18.169"/>
         <property name="sessionId" value="3116822420e70b75858b157fb61a9882"/>
         <property name="seleniumVersion" value="3.141.59"/>
         <property name="proxyInformation" value="ProxyInformation { proxyOption=NO_PROXY, proxyServerType=HTTP, username=, password=********, proxyServerAddress=, proxyServerPort=0, executionList=&quot;&quot;, isApplyToDesiredCapabilities=true }"/>
         <property name="platform" value="Windows 11"/>
      </properties>
      <testcase name="Test Cases/Profile" time="99.481" classname="Test Cases/Profile" status="PASSED">
         <system-out><![CDATA[01-01-2024T18:51:02 - [TEST_CASE][PASSED] - Test Cases/Profile: Test Cases/Profile

01-01-2024T18:51:02 - [TEST_STEP][PASSED] - openBrowser(""): Browser is opened with url: ''

01-01-2024T18:51:03 - [MESSAGE][INFO] - Starting 'Chrome' driver

01-01-2024T18:51:03 - [MESSAGE][INFO] - Action delay is set to 0 milliseconds

01-01-2024T18:51:04 - [MESSAGE][PASSED] - Browser is opened with url: ''

01-01-2024T18:51:04 - [TEST_STEP][PASSED] - navigateToUrl("https://www.netflix.com/id/login"): Navigate to 'https://www.netflix.com/id/login' successfully

01-01-2024T18:51:08 - [MESSAGE][PASSED] - Navigate to 'https://www.netflix.com/id/login' successfully

01-01-2024T18:51:08 - [TEST_STEP][PASSED] - click(findTestObject("Object Repository/1 email")): Object: 'Object Repository/1 email' is clicked on

01-01-2024T18:51:08 - [MESSAGE][PASSED] - Object: 'Object Repository/1 email' is clicked on

01-01-2024T18:51:08 - [TEST_STEP][PASSED] - setText(findTestObject("Object Repository/2 user id"), email): Text 'jhp@frilsa.com' is set on object 'Object Repository/2 user id'

01-01-2024T18:51:09 - [MESSAGE][PASSED] - Text 'jhp@frilsa.com' is set on object 'Object Repository/2 user id'

01-01-2024T18:51:09 - [TEST_STEP][PASSED] - setEncryptedText(findTestObject("Object Repository/3 password"), "tcoL0gTvL8A="): Text ****** has been set on object 'Object Repository/3 password'

01-01-2024T18:51:09 - [MESSAGE][PASSED] - Text ****** has been set on object 'Object Repository/3 password'

01-01-2024T18:51:09 - [TEST_STEP][PASSED] - click(findTestObject("Object Repository/4 sign in")): Object: 'Object Repository/4 sign in' is clicked on

01-01-2024T18:51:10 - [MESSAGE][PASSED] - Object: 'Object Repository/4 sign in' is clicked on

01-01-2024T18:51:10 - [TEST_STEP][PASSED] - delay(5): Delayed 5 second(s)

01-01-2024T18:51:15 - [MESSAGE][PASSED] - Delayed 5 second(s)

01-01-2024T18:51:15 - [TEST_STEP][PASSED] - navigateToUrl("https://www.netflix.com/profiles/manage"): Navigate to 'https://www.netflix.com/profiles/manage' successfully

01-01-2024T18:51:17 - [MESSAGE][PASSED] - Navigate to 'https://www.netflix.com/profiles/manage' successfully

01-01-2024T18:51:17 - [TEST_STEP][PASSED] - click(findTestObject("profile yang ingin dihapus"), OPTIONAL): Object: 'Object Repository/profile yang ingin dihapus' is clicked on

01-01-2024T18:51:18 - [MESSAGE][PASSED] - Object: 'Object Repository/profile yang ingin dihapus' is clicked on

01-01-2024T18:51:18 - [TEST_STEP][PASSED] - click(findTestObject("profile delete"), OPTIONAL): Object: 'Object Repository/profile delete' is clicked on

01-01-2024T18:51:19 - [MESSAGE][PASSED] - Object: 'Object Repository/profile delete' is clicked on

01-01-2024T18:51:19 - [TEST_STEP][PASSED] - click(findTestObject("profile delete confirm"), OPTIONAL): Object: 'Object Repository/profile delete confirm' is clicked on

01-01-2024T18:51:19 - [MESSAGE][PASSED] - Object: 'Object Repository/profile delete confirm' is clicked on

01-01-2024T18:51:19 - [TEST_STEP][PASSED] - click(findTestObject("profile yang ingin dihapus"), OPTIONAL): Object: 'Object Repository/profile yang ingin dihapus' is clicked on

01-01-2024T18:51:20 - [MESSAGE][PASSED] - Object: 'Object Repository/profile yang ingin dihapus' is clicked on

01-01-2024T18:51:20 - [TEST_STEP][PASSED] - click(findTestObject("profile delete"), OPTIONAL): Object: 'Object Repository/profile delete' is clicked on

01-01-2024T18:51:22 - [MESSAGE][PASSED] - Object: 'Object Repository/profile delete' is clicked on

01-01-2024T18:51:22 - [TEST_STEP][PASSED] - click(findTestObject("profile delete confirm"), OPTIONAL): Object: 'Object Repository/profile delete confirm' is clicked on

01-01-2024T18:51:22 - [MESSAGE][PASSED] - Object: 'Object Repository/profile delete confirm' is clicked on

01-01-2024T18:51:22 - [TEST_STEP][PASSED] - click(findTestObject("profile yang ingin dihapus"), OPTIONAL): Object: 'Object Repository/profile yang ingin dihapus' is clicked on

01-01-2024T18:51:23 - [MESSAGE][PASSED] - Object: 'Object Repository/profile yang ingin dihapus' is clicked on

01-01-2024T18:51:23 - [TEST_STEP][PASSED] - click(findTestObject("profile delete"), OPTIONAL): Object: 'Object Repository/profile delete' is clicked on

01-01-2024T18:51:25 - [MESSAGE][PASSED] - Object: 'Object Repository/profile delete' is clicked on

01-01-2024T18:51:25 - [TEST_STEP][PASSED] - click(findTestObject("profile delete confirm"), OPTIONAL): Object: 'Object Repository/profile delete confirm' is clicked on

01-01-2024T18:51:25 - [MESSAGE][PASSED] - Object: 'Object Repository/profile delete confirm' is clicked on

01-01-2024T18:51:25 - [TEST_STEP][PASSED] - click(findTestObject("profile yang ingin dihapus"), OPTIONAL): Object: 'Object Repository/profile yang ingin dihapus' is clicked on

01-01-2024T18:51:26 - [MESSAGE][PASSED] - Object: 'Object Repository/profile yang ingin dihapus' is clicked on

01-01-2024T18:51:26 - [TEST_STEP][PASSED] - click(findTestObject("profile delete"), OPTIONAL): Object: 'Object Repository/profile delete' is clicked on

01-01-2024T18:51:27 - [MESSAGE][PASSED] - Object: 'Object Repository/profile delete' is clicked on

01-01-2024T18:51:27 - [TEST_STEP][PASSED] - click(findTestObject("profile delete confirm"), OPTIONAL): Object: 'Object Repository/profile delete confirm' is clicked on

01-01-2024T18:51:28 - [MESSAGE][PASSED] - Object: 'Object Repository/profile delete confirm' is clicked on

01-01-2024T18:51:28 - [TEST_STEP][PASSED] - navigateToUrl("https://www.netflix.com/profiles/manage", OPTIONAL): Navigate to 'https://www.netflix.com/profiles/manage' successfully

01-01-2024T18:51:29 - [MESSAGE][PASSED] - Navigate to 'https://www.netflix.com/profiles/manage' successfully

01-01-2024T18:51:29 - [TEST_STEP][PASSED] - click(findTestObject("profile add 2"), STOP_ON_FAILURE): Object: 'Object Repository/profile add 2' is clicked on

01-01-2024T18:51:30 - [MESSAGE][PASSED] - Object: 'Object Repository/profile add 2' is clicked on

01-01-2024T18:51:30 - [TEST_STEP][PASSED] - setText(findTestObject("profile input name"), "Profile 2"): Text 'Profile 2' is set on object 'Object Repository/profile input name'

01-01-2024T18:51:32 - [MESSAGE][PASSED] - Text 'Profile 2' is set on object 'Object Repository/profile input name'

01-01-2024T18:51:32 - [TEST_STEP][PASSED] - click(findTestObject("profile input name continue")): Object: 'Object Repository/profile input name continue' is clicked on

01-01-2024T18:51:32 - [MESSAGE][PASSED] - Object: 'Object Repository/profile input name continue' is clicked on

01-01-2024T18:51:32 - [TEST_STEP][PASSED] - click(findTestObject("profile add 3")): Object: 'Object Repository/profile add 3' is clicked on

01-01-2024T18:51:33 - [MESSAGE][PASSED] - Object: 'Object Repository/profile add 3' is clicked on

01-01-2024T18:51:33 - [TEST_STEP][PASSED] - setText(findTestObject("profile input name"), "Profile 3"): Text 'Profile 3' is set on object 'Object Repository/profile input name'

01-01-2024T18:51:35 - [MESSAGE][PASSED] - Text 'Profile 3' is set on object 'Object Repository/profile input name'

01-01-2024T18:51:35 - [TEST_STEP][PASSED] - click(findTestObject("profile input name continue")): Object: 'Object Repository/profile input name continue' is clicked on

01-01-2024T18:51:35 - [MESSAGE][PASSED] - Object: 'Object Repository/profile input name continue' is clicked on

01-01-2024T18:51:35 - [TEST_STEP][PASSED] - click(findTestObject("profile add 4")): Object: 'Object Repository/profile add 4' is clicked on

01-01-2024T18:51:36 - [MESSAGE][PASSED] - Object: 'Object Repository/profile add 4' is clicked on

01-01-2024T18:51:36 - [TEST_STEP][PASSED] - setText(findTestObject("profile input name"), "Profile 4"): Text 'Profile 4' is set on object 'Object Repository/profile input name'

01-01-2024T18:51:38 - [MESSAGE][PASSED] - Text 'Profile 4' is set on object 'Object Repository/profile input name'

01-01-2024T18:51:38 - [TEST_STEP][PASSED] - click(findTestObject("profile input name continue")): Object: 'Object Repository/profile input name continue' is clicked on

01-01-2024T18:51:38 - [MESSAGE][PASSED] - Object: 'Object Repository/profile input name continue' is clicked on

01-01-2024T18:51:38 - [TEST_STEP][PASSED] - click(findTestObject("profile add 5")): Object: 'Object Repository/profile add 5' is clicked on

01-01-2024T18:51:39 - [MESSAGE][PASSED] - Object: 'Object Repository/profile add 5' is clicked on

01-01-2024T18:51:39 - [TEST_STEP][PASSED] - setText(findTestObject("profile input name"), "Profile 5"): Text 'Profile 5' is set on object 'Object Repository/profile input name'

01-01-2024T18:51:41 - [MESSAGE][PASSED] - Text 'Profile 5' is set on object 'Object Repository/profile input name'

01-01-2024T18:51:41 - [TEST_STEP][PASSED] - click(findTestObject("profile input name continue")): Object: 'Object Repository/profile input name continue' is clicked on

01-01-2024T18:51:41 - [MESSAGE][PASSED] - Object: 'Object Repository/profile input name continue' is clicked on

01-01-2024T18:51:41 - [TEST_STEP][PASSED] - click(findTestObject("profile done")): Object: 'Object Repository/profile done' is clicked on

01-01-2024T18:51:44 - [MESSAGE][PASSED] - Object: 'Object Repository/profile done' is clicked on

01-01-2024T18:51:44 - [TEST_STEP][PASSED] - navigateToUrl("https://www.netflix.com/YourAccount"): Navigate to 'https://www.netflix.com/YourAccount' successfully

01-01-2024T18:51:45 - [MESSAGE][PASSED] - Navigate to 'https://www.netflix.com/YourAccount' successfully

01-01-2024T18:51:45 - [TEST_STEP][PASSED] - click(findTestObject("pin expand button 1")): Object: 'Object Repository/pin expand button 1' is clicked on

01-01-2024T18:51:46 - [MESSAGE][PASSED] - Object: 'Object Repository/pin expand button 1' is clicked on

01-01-2024T18:51:46 - [TEST_STEP][PASSED] - click(findTestObject("pin change 1")): Object: 'Object Repository/pin change 1' is clicked on

01-01-2024T18:51:47 - [MESSAGE][PASSED] - Object: 'Object Repository/pin change 1' is clicked on

01-01-2024T18:51:47 - [TEST_STEP][PASSED] - setEncryptedText(findTestObject("pin input password"), "tcoL0gTvL8A="): Text ****** has been set on object 'Object Repository/pin input password'

01-01-2024T18:51:48 - [MESSAGE][PASSED] - Text ****** has been set on object 'Object Repository/pin input password'

01-01-2024T18:51:48 - [TEST_STEP][PASSED] - click(findTestObject("pin input password continue")): Object: 'Object Repository/pin input password continue' is clicked on

01-01-2024T18:51:48 - [MESSAGE][PASSED] - Object: 'Object Repository/pin input password continue' is clicked on

01-01-2024T18:51:48 - [TEST_STEP][PASSED] - if (verifyElementPresent(findTestObject("verify profile 1"), 0)): null

01-01-2024T18:51:48 - [MESSAGE][WARNING] - Timeout '0' is invalid. Using default page load timeout: '2'

01-01-2024T18:51:49 - [MESSAGE][PASSED] - Object 'Object Repository/verify profile 1' is present

01-01-2024T18:51:49 - [TEST_STEP][PASSED] - click(findTestObject("verify profile 1 cancel")): Object: 'Object Repository/verify profile 1 cancel' is clicked on

01-01-2024T18:51:52 - [MESSAGE][PASSED] - Object: 'Object Repository/verify profile 1 cancel' is clicked on

01-01-2024T18:51:52 - [TEST_STEP][PASSED] - click(findTestObject("pin expand button 2")): Object: 'Object Repository/pin expand button 2' is clicked on

01-01-2024T18:51:53 - [MESSAGE][PASSED] - Object: 'Object Repository/pin expand button 2' is clicked on

01-01-2024T18:51:53 - [TEST_STEP][PASSED] - click(findTestObject("pin change 2")): Object: 'Object Repository/pin change 2' is clicked on

01-01-2024T18:51:54 - [MESSAGE][PASSED] - Object: 'Object Repository/pin change 2' is clicked on

01-01-2024T18:51:54 - [TEST_STEP][PASSED] - setEncryptedText(findTestObject("pin input password"), "tcoL0gTvL8A="): Text ****** has been set on object 'Object Repository/pin input password'

01-01-2024T18:51:55 - [MESSAGE][PASSED] - Text ****** has been set on object 'Object Repository/pin input password'

01-01-2024T18:51:55 - [TEST_STEP][PASSED] - click(findTestObject("pin input password continue")): Object: 'Object Repository/pin input password continue' is clicked on

01-01-2024T18:51:55 - [MESSAGE][PASSED] - Object: 'Object Repository/pin input password continue' is clicked on

01-01-2024T18:51:55 - [TEST_STEP][PASSED] - click(findTestObject("pin checkbox")): Object: 'Object Repository/pin checkbox' is clicked on

01-01-2024T18:51:56 - [MESSAGE][PASSED] - Object: 'Object Repository/pin checkbox' is clicked on

01-01-2024T18:51:56 - [TEST_STEP][PASSED] - setText(findTestObject("pin input A"), "1"): Text '1' is set on object 'Object Repository/pin input A'

01-01-2024T18:51:57 - [MESSAGE][PASSED] - Text '1' is set on object 'Object Repository/pin input A'

01-01-2024T18:51:57 - [TEST_STEP][PASSED] - setText(findTestObject("pin input B"), "1"): Text '1' is set on object 'Object Repository/pin input B'

01-01-2024T18:51:58 - [MESSAGE][PASSED] - Text '1' is set on object 'Object Repository/pin input B'

01-01-2024T18:51:58 - [TEST_STEP][PASSED] - setText(findTestObject("pin input C"), "1"): Text '1' is set on object 'Object Repository/pin input C'

01-01-2024T18:51:58 - [MESSAGE][PASSED] - Text '1' is set on object 'Object Repository/pin input C'

01-01-2024T18:51:58 - [TEST_STEP][PASSED] - setText(findTestObject("pin input D"), "2"): Text '2' is set on object 'Object Repository/pin input D'

01-01-2024T18:51:59 - [MESSAGE][PASSED] - Text '2' is set on object 'Object Repository/pin input D'

01-01-2024T18:51:59 - [TEST_STEP][PASSED] - click(findTestObject("pin input save 2"), STOP_ON_FAILURE): Object: 'Object Repository/pin input save 2' is clicked on

01-01-2024T18:52:00 - [MESSAGE][PASSED] - Object: 'Object Repository/pin input save 2' is clicked on

01-01-2024T18:52:00 - [TEST_STEP][PASSED] - click(findTestObject("pin expand button 3")): Object: 'Object Repository/pin expand button 3' is clicked on

01-01-2024T18:52:03 - [MESSAGE][PASSED] - Object: 'Object Repository/pin expand button 3' is clicked on

01-01-2024T18:52:03 - [TEST_STEP][PASSED] - click(findTestObject("pin change 3")): Object: 'Object Repository/pin change 3' is clicked on

01-01-2024T18:52:04 - [MESSAGE][PASSED] - Object: 'Object Repository/pin change 3' is clicked on

01-01-2024T18:52:04 - [TEST_STEP][PASSED] - setEncryptedText(findTestObject("pin input password"), "tcoL0gTvL8A="): Text ****** has been set on object 'Object Repository/pin input password'

01-01-2024T18:52:05 - [MESSAGE][PASSED] - Text ****** has been set on object 'Object Repository/pin input password'

01-01-2024T18:52:05 - [TEST_STEP][PASSED] - click(findTestObject("pin input password continue")): Object: 'Object Repository/pin input password continue' is clicked on

01-01-2024T18:52:05 - [MESSAGE][PASSED] - Object: 'Object Repository/pin input password continue' is clicked on

01-01-2024T18:52:05 - [TEST_STEP][PASSED] - click(findTestObject("pin checkbox")): Object: 'Object Repository/pin checkbox' is clicked on

01-01-2024T18:52:06 - [MESSAGE][PASSED] - Object: 'Object Repository/pin checkbox' is clicked on

01-01-2024T18:52:06 - [TEST_STEP][PASSED] - setText(findTestObject("pin input A"), "1"): Text '1' is set on object 'Object Repository/pin input A'

01-01-2024T18:52:07 - [MESSAGE][PASSED] - Text '1' is set on object 'Object Repository/pin input A'

01-01-2024T18:52:07 - [TEST_STEP][PASSED] - setText(findTestObject("pin input B"), "1"): Text '1' is set on object 'Object Repository/pin input B'

01-01-2024T18:52:08 - [MESSAGE][PASSED] - Text '1' is set on object 'Object Repository/pin input B'

01-01-2024T18:52:08 - [TEST_STEP][PASSED] - setText(findTestObject("pin input C"), "1"): Text '1' is set on object 'Object Repository/pin input C'

01-01-2024T18:52:09 - [MESSAGE][PASSED] - Text '1' is set on object 'Object Repository/pin input C'

01-01-2024T18:52:09 - [TEST_STEP][PASSED] - setText(findTestObject("pin input D"), "3"): Text '3' is set on object 'Object Repository/pin input D'

01-01-2024T18:52:10 - [MESSAGE][PASSED] - Text '3' is set on object 'Object Repository/pin input D'

01-01-2024T18:52:10 - [TEST_STEP][PASSED] - click(findTestObject("pin input save 3"), STOP_ON_FAILURE): Object: 'Object Repository/pin input save 3' is clicked on

01-01-2024T18:52:10 - [MESSAGE][PASSED] - Object: 'Object Repository/pin input save 3' is clicked on

01-01-2024T18:52:10 - [TEST_STEP][PASSED] - click(findTestObject("pin expand button 4")): Object: 'Object Repository/pin expand button 4' is clicked on

01-01-2024T18:52:13 - [MESSAGE][PASSED] - Object: 'Object Repository/pin expand button 4' is clicked on

01-01-2024T18:52:13 - [TEST_STEP][PASSED] - click(findTestObject("pin change 4")): Object: 'Object Repository/pin change 4' is clicked on

01-01-2024T18:52:15 - [MESSAGE][PASSED] - Object: 'Object Repository/pin change 4' is clicked on

01-01-2024T18:52:15 - [TEST_STEP][PASSED] - setEncryptedText(findTestObject("pin input password"), "tcoL0gTvL8A="): Text ****** has been set on object 'Object Repository/pin input password'

01-01-2024T18:52:16 - [MESSAGE][PASSED] - Text ****** has been set on object 'Object Repository/pin input password'

01-01-2024T18:52:16 - [TEST_STEP][PASSED] - click(findTestObject("pin input password continue")): Object: 'Object Repository/pin input password continue' is clicked on

01-01-2024T18:52:16 - [MESSAGE][PASSED] - Object: 'Object Repository/pin input password continue' is clicked on

01-01-2024T18:52:16 - [TEST_STEP][PASSED] - click(findTestObject("pin checkbox")): Object: 'Object Repository/pin checkbox' is clicked on

01-01-2024T18:52:17 - [MESSAGE][PASSED] - Object: 'Object Repository/pin checkbox' is clicked on

01-01-2024T18:52:17 - [TEST_STEP][PASSED] - setText(findTestObject("pin input A"), "1"): Text '1' is set on object 'Object Repository/pin input A'

01-01-2024T18:52:18 - [MESSAGE][PASSED] - Text '1' is set on object 'Object Repository/pin input A'

01-01-2024T18:52:18 - [TEST_STEP][PASSED] - setText(findTestObject("pin input B"), "1"): Text '1' is set on object 'Object Repository/pin input B'

01-01-2024T18:52:18 - [MESSAGE][PASSED] - Text '1' is set on object 'Object Repository/pin input B'

01-01-2024T18:52:18 - [TEST_STEP][PASSED] - setText(findTestObject("pin input C"), "1"): Text '1' is set on object 'Object Repository/pin input C'

01-01-2024T18:52:19 - [MESSAGE][PASSED] - Text '1' is set on object 'Object Repository/pin input C'

01-01-2024T18:52:19 - [TEST_STEP][PASSED] - setText(findTestObject("pin input D"), "4"): Text '4' is set on object 'Object Repository/pin input D'

01-01-2024T18:52:20 - [MESSAGE][PASSED] - Text '4' is set on object 'Object Repository/pin input D'

01-01-2024T18:52:20 - [TEST_STEP][PASSED] - click(findTestObject("pin input save 4"), STOP_ON_FAILURE): Object: 'Object Repository/pin input save 4' is clicked on

01-01-2024T18:52:21 - [MESSAGE][PASSED] - Object: 'Object Repository/pin input save 4' is clicked on

01-01-2024T18:52:21 - [TEST_STEP][PASSED] - click(findTestObject("pin expand button 5")): Object: 'Object Repository/pin expand button 5' is clicked on

01-01-2024T18:52:23 - [MESSAGE][PASSED] - Object: 'Object Repository/pin expand button 5' is clicked on

01-01-2024T18:52:23 - [TEST_STEP][PASSED] - click(findTestObject("pin change 5")): Object: 'Object Repository/pin change 5' is clicked on

01-01-2024T18:52:24 - [MESSAGE][PASSED] - Object: 'Object Repository/pin change 5' is clicked on

01-01-2024T18:52:24 - [TEST_STEP][PASSED] - setEncryptedText(findTestObject("pin input password"), "tcoL0gTvL8A="): Text ****** has been set on object 'Object Repository/pin input password'

01-01-2024T18:52:25 - [MESSAGE][PASSED] - Text ****** has been set on object 'Object Repository/pin input password'

01-01-2024T18:52:25 - [TEST_STEP][PASSED] - click(findTestObject("pin input password continue")): Object: 'Object Repository/pin input password continue' is clicked on

01-01-2024T18:52:25 - [MESSAGE][PASSED] - Object: 'Object Repository/pin input password continue' is clicked on

01-01-2024T18:52:25 - [TEST_STEP][PASSED] - click(findTestObject("pin checkbox")): Object: 'Object Repository/pin checkbox' is clicked on

01-01-2024T18:52:26 - [MESSAGE][PASSED] - Object: 'Object Repository/pin checkbox' is clicked on

01-01-2024T18:52:26 - [TEST_STEP][PASSED] - setText(findTestObject("pin input A"), "1"): Text '1' is set on object 'Object Repository/pin input A'

01-01-2024T18:52:27 - [MESSAGE][PASSED] - Text '1' is set on object 'Object Repository/pin input A'

01-01-2024T18:52:27 - [TEST_STEP][PASSED] - setText(findTestObject("pin input B"), "1"): Text '1' is set on object 'Object Repository/pin input B'

01-01-2024T18:52:28 - [MESSAGE][PASSED] - Text '1' is set on object 'Object Repository/pin input B'

01-01-2024T18:52:28 - [TEST_STEP][PASSED] - setText(findTestObject("pin input C"), "1"): Text '1' is set on object 'Object Repository/pin input C'

01-01-2024T18:52:29 - [MESSAGE][PASSED] - Text '1' is set on object 'Object Repository/pin input C'

01-01-2024T18:52:29 - [TEST_STEP][PASSED] - setText(findTestObject("pin input D"), "5"): Text '5' is set on object 'Object Repository/pin input D'

01-01-2024T18:52:29 - [MESSAGE][PASSED] - Text '5' is set on object 'Object Repository/pin input D'

01-01-2024T18:52:29 - [TEST_STEP][PASSED] - click(findTestObject("pin input save 5"), STOP_ON_FAILURE): Object: 'Object Repository/pin input save 5' is clicked on

01-01-2024T18:52:30 - [MESSAGE][PASSED] - Object: 'Object Repository/pin input save 5' is clicked on

01-01-2024T18:52:30 - [TEST_STEP][PASSED] - delay(5): Delayed 5 second(s)

01-01-2024T18:52:35 - [MESSAGE][PASSED] - Delayed 5 second(s)

01-01-2024T18:52:35 - [TEST_STEP][PASSED] - navigateToUrl("https://www.netflix.com/id/logout"): Navigate to 'https://www.netflix.com/id/logout' successfully

01-01-2024T18:52:36 - [MESSAGE][PASSED] - Navigate to 'https://www.netflix.com/id/logout' successfully

01-01-2024T18:52:36 - [TEST_STEP][PASSED] - delay(5): Delayed 5 second(s)

01-01-2024T18:52:41 - [MESSAGE][PASSED] - Delayed 5 second(s)]]></system-out>
         <system-err><![CDATA[]]></system-err>
      </testcase>
      <testcase name="Test Cases/Profile" time="47.229" classname="Test Cases/Profile" status="FAILED">
         <failure type="FAILED" message="Test Cases/Profile FAILED.&#xa;Reason:&#xa;com.kms.katalon.core.exception.StepFailedException: Unable to verify object 'Object Repository/verify profile 1' is present&#xa;	at com.kms.katalon.core.webui.keyword.internal.WebUIKeywordMain.stepFailed(WebUIKeywordMain.groovy:64)&#xa;	at com.kms.katalon.core.webui.keyword.internal.WebUIKeywordMain.runKeyword(WebUIKeywordMain.groovy:26)&#xa;	at com.kms.katalon.core.webui.keyword.builtin.VerifyElementPresentKeyword.verifyElementPresent(VerifyElementPresentKeyword.groovy:92)&#xa;	at com.kms.katalon.core.webui.keyword.builtin.VerifyElementPresentKeyword.execute(VerifyElementPresentKeyword.groovy:68)&#xa;	at com.kms.katalon.core.keyword.internal.KeywordExecutor.executeKeywordForPlatform(KeywordExecutor.groovy:74)&#xa;	at com.kms.katalon.core.webui.keyword.WebUiBuiltInKeywords.verifyElementPresent(WebUiBuiltInKeywords.groovy:1503)&#xa;	at Profile.run(Profile:98)&#xa;	at com.kms.katalon.core.main.ScriptEngine.run(ScriptEngine.java:194)&#xa;	at com.kms.katalon.core.main.ScriptEngine.runScriptAsRawText(ScriptEngine.java:119)&#xa;	at com.kms.katalon.core.main.TestCaseExecutor.runScript(TestCaseExecutor.java:448)&#xa;	at com.kms.katalon.core.main.TestCaseExecutor.doExecute(TestCaseExecutor.java:439)&#xa;	at com.kms.katalon.core.main.TestCaseExecutor.processExecutionPhase(TestCaseExecutor.java:418)&#xa;	at com.kms.katalon.core.main.TestCaseExecutor.accessMainPhase(TestCaseExecutor.java:410)&#xa;	at com.kms.katalon.core.main.TestCaseExecutor.execute(TestCaseExecutor.java:285)&#xa;	at com.kms.katalon.core.common.CommonExecutor.accessTestCaseMainPhase(CommonExecutor.java:65)&#xa;	at com.kms.katalon.core.main.TestSuiteExecutor.accessTestSuiteMainPhase(TestSuiteExecutor.java:148)&#xa;	at com.kms.katalon.core.main.TestSuiteExecutor.execute(TestSuiteExecutor.java:106)&#xa;	at com.kms.katalon.core.main.TestCaseMain.startTestSuite(TestCaseMain.java:180)&#xa;	at TempTestSuite1704109854804.run(TempTestSuite1704109854804.groovy:36)&#xa;	at java.base/jdk.internal.reflect.NativeMethodAccessorImpl.invoke0(Native Method)&#xa;	at java.base/jdk.internal.reflect.NativeMethodAccessorImpl.invoke(NativeMethodAccessorImpl.java:77)&#xa;	at java.base/jdk.internal.reflect.DelegatingMethodAccessorImpl.invoke(DelegatingMethodAccessorImpl.java:43)&#xa;Caused by: com.kms.katalon.core.exception.StepFailedException: com.kms.katalon.core.webui.exception.WebElementNotFoundException: Web element with id: 'Object Repository/verify profile 1' located by '//*[@id=&quot;appMountPoint&quot;]/div/div/div/div[2]/div/div/div[2]/div[4]/label' not found&#xa;	at com.kms.katalon.core.webui.keyword.internal.WebUIKeywordMain.stepFailed(WebUIKeywordMain.groovy:64)&#xa;	at com.kms.katalon.core.webui.keyword.builtin.VerifyElementPresentKeyword$_verifyElementPresent_closure1.doCall(VerifyElementPresentKeyword.groovy:85)&#xa;	at com.kms.katalon.core.webui.keyword.builtin.VerifyElementPresentKeyword$_verifyElementPresent_closure1.call(VerifyElementPresentKeyword.groovy)&#xa;	at com.kms.katalon.core.webui.keyword.internal.WebUIKeywordMain.runKeyword(WebUIKeywordMain.groovy:20)&#xa;	... 20 more&#xa;"/>
         <system-out><![CDATA[01-01-2024T18:52:41 - [TEST_CASE][FAILED] - Test Cases/Profile: Test Cases/Profile FAILED.
Reason:
com.kms.katalon.core.exception.StepFailedException: Unable to verify object 'Object Repository/verify profile 1' is present
	at com.kms.katalon.core.webui.keyword.internal.WebUIKeywordMain.stepFailed(WebUIKeywordMain.groovy:64)
	at com.kms.katalon.core.webui.keyword.internal.WebUIKeywordMain.runKeyword(WebUIKeywordMain.groovy:26)
	at com.kms.katalon.core.webui.keyword.builtin.VerifyElementPresentKeyword.verifyElementPresent(VerifyElementPresentKeyword.groovy:92)
	at com.kms.katalon.core.webui.keyword.builtin.VerifyElementPresentKeyword.execute(VerifyElementPresentKeyword.groovy:68)
	at com.kms.katalon.core.keyword.internal.KeywordExecutor.executeKeywordForPlatform(KeywordExecutor.groovy:74)
	at com.kms.katalon.core.webui.keyword.WebUiBuiltInKeywords.verifyElementPresent(WebUiBuiltInKeywords.groovy:1503)
	at Profile.run(Profile:98)
	at com.kms.katalon.core.main.ScriptEngine.run(ScriptEngine.java:194)
	at com.kms.katalon.core.main.ScriptEngine.runScriptAsRawText(ScriptEngine.java:119)
	at com.kms.katalon.core.main.TestCaseExecutor.runScript(TestCaseExecutor.java:448)
	at com.kms.katalon.core.main.TestCaseExecutor.doExecute(TestCaseExecutor.java:439)
	at com.kms.katalon.core.main.TestCaseExecutor.processExecutionPhase(TestCaseExecutor.java:418)
	at com.kms.katalon.core.main.TestCaseExecutor.accessMainPhase(TestCaseExecutor.java:410)
	at com.kms.katalon.core.main.TestCaseExecutor.execute(TestCaseExecutor.java:285)
	at com.kms.katalon.core.common.CommonExecutor.accessTestCaseMainPhase(CommonExecutor.java:65)
	at com.kms.katalon.core.main.TestSuiteExecutor.accessTestSuiteMainPhase(TestSuiteExecutor.java:148)
	at com.kms.katalon.core.main.TestSuiteExecutor.execute(TestSuiteExecutor.java:106)
	at com.kms.katalon.core.main.TestCaseMain.startTestSuite(TestCaseMain.java:180)
	at TempTestSuite1704109854804.run(TempTestSuite1704109854804.groovy:36)
	at java.base/jdk.internal.reflect.NativeMethodAccessorImpl.invoke0(Native Method)
	at java.base/jdk.internal.reflect.NativeMethodAccessorImpl.invoke(NativeMethodAccessorImpl.java:77)
	at java.base/jdk.internal.reflect.DelegatingMethodAccessorImpl.invoke(DelegatingMethodAccessorImpl.java:43)
Caused by: com.kms.katalon.core.exception.StepFailedException: com.kms.katalon.core.webui.exception.WebElementNotFoundException: Web element with id: 'Object Repository/verify profile 1' located by '//*[@id="appMountPoint"]/div/div/div/div[2]/div/div/div[2]/div[4]/label' not found
	at com.kms.katalon.core.webui.keyword.internal.WebUIKeywordMain.stepFailed(WebUIKeywordMain.groovy:64)
	at com.kms.katalon.core.webui.keyword.builtin.VerifyElementPresentKeyword$_verifyElementPresent_closure1.doCall(VerifyElementPresentKeyword.groovy:85)
	at com.kms.katalon.core.webui.keyword.builtin.VerifyElementPresentKeyword$_verifyElementPresent_closure1.call(VerifyElementPresentKeyword.groovy)
	at com.kms.katalon.core.webui.keyword.internal.WebUIKeywordMain.runKeyword(WebUIKeywordMain.groovy:20)
	... 20 more


01-01-2024T18:52:41 - [TEST_STEP][PASSED] - openBrowser(""): Browser is opened with url: ''

01-01-2024T18:52:41 - [MESSAGE][WARNING] - A browser is already opened. Closing browser and opening a new one

01-01-2024T18:52:41 - [MESSAGE][INFO] - Starting 'Chrome' driver

01-01-2024T18:52:41 - [MESSAGE][INFO] - Action delay is set to 0 milliseconds

01-01-2024T18:52:42 - [MESSAGE][PASSED] - Browser is opened with url: ''

01-01-2024T18:52:42 - [TEST_STEP][PASSED] - navigateToUrl("https://www.netflix.com/id/login"): Navigate to 'https://www.netflix.com/id/login' successfully

01-01-2024T18:52:44 - [MESSAGE][PASSED] - Navigate to 'https://www.netflix.com/id/login' successfully

01-01-2024T18:52:44 - [TEST_STEP][PASSED] - click(findTestObject("Object Repository/1 email")): Object: 'Object Repository/1 email' is clicked on

01-01-2024T18:52:46 - [MESSAGE][PASSED] - Object: 'Object Repository/1 email' is clicked on

01-01-2024T18:52:46 - [TEST_STEP][PASSED] - setText(findTestObject("Object Repository/2 user id"), email): Text 'oau@frilsa.com' is set on object 'Object Repository/2 user id'

01-01-2024T18:52:47 - [MESSAGE][PASSED] - Text 'oau@frilsa.com' is set on object 'Object Repository/2 user id'

01-01-2024T18:52:47 - [TEST_STEP][PASSED] - setEncryptedText(findTestObject("Object Repository/3 password"), "tcoL0gTvL8A="): Text ****** has been set on object 'Object Repository/3 password'

01-01-2024T18:52:47 - [MESSAGE][PASSED] - Text ****** has been set on object 'Object Repository/3 password'

01-01-2024T18:52:47 - [TEST_STEP][PASSED] - click(findTestObject("Object Repository/4 sign in")): Object: 'Object Repository/4 sign in' is clicked on

01-01-2024T18:52:48 - [MESSAGE][PASSED] - Object: 'Object Repository/4 sign in' is clicked on

01-01-2024T18:52:48 - [TEST_STEP][PASSED] - delay(5): Delayed 5 second(s)

01-01-2024T18:52:53 - [MESSAGE][PASSED] - Delayed 5 second(s)

01-01-2024T18:52:53 - [TEST_STEP][PASSED] - navigateToUrl("https://www.netflix.com/profiles/manage"): Navigate to 'https://www.netflix.com/profiles/manage' successfully

01-01-2024T18:52:54 - [MESSAGE][PASSED] - Navigate to 'https://www.netflix.com/profiles/manage' successfully

01-01-2024T18:52:54 - [TEST_STEP][PASSED] - click(findTestObject("profile yang ingin dihapus"), OPTIONAL): Object: 'Object Repository/profile yang ingin dihapus' is clicked on

01-01-2024T18:52:55 - [MESSAGE][PASSED] - Object: 'Object Repository/profile yang ingin dihapus' is clicked on

01-01-2024T18:52:55 - [TEST_STEP][PASSED] - click(findTestObject("profile delete"), OPTIONAL): Object: 'Object Repository/profile delete' is clicked on

01-01-2024T18:52:56 - [MESSAGE][PASSED] - Object: 'Object Repository/profile delete' is clicked on

01-01-2024T18:52:56 - [TEST_STEP][PASSED] - click(findTestObject("profile delete confirm"), OPTIONAL): Object: 'Object Repository/profile delete confirm' is clicked on

01-01-2024T18:52:56 - [MESSAGE][PASSED] - Object: 'Object Repository/profile delete confirm' is clicked on

01-01-2024T18:52:56 - [TEST_STEP][PASSED] - click(findTestObject("profile yang ingin dihapus"), OPTIONAL): Object: 'Object Repository/profile yang ingin dihapus' is clicked on

01-01-2024T18:52:57 - [MESSAGE][PASSED] - Object: 'Object Repository/profile yang ingin dihapus' is clicked on

01-01-2024T18:52:57 - [TEST_STEP][PASSED] - click(findTestObject("profile delete"), OPTIONAL): Object: 'Object Repository/profile delete' is clicked on

01-01-2024T18:52:59 - [MESSAGE][PASSED] - Object: 'Object Repository/profile delete' is clicked on

01-01-2024T18:52:59 - [TEST_STEP][PASSED] - click(findTestObject("profile delete confirm"), OPTIONAL): Object: 'Object Repository/profile delete confirm' is clicked on

01-01-2024T18:52:59 - [MESSAGE][PASSED] - Object: 'Object Repository/profile delete confirm' is clicked on

01-01-2024T18:52:59 - [TEST_STEP][PASSED] - click(findTestObject("profile yang ingin dihapus"), OPTIONAL): Object: 'Object Repository/profile yang ingin dihapus' is clicked on

01-01-2024T18:53:00 - [MESSAGE][PASSED] - Object: 'Object Repository/profile yang ingin dihapus' is clicked on

01-01-2024T18:53:00 - [TEST_STEP][PASSED] - click(findTestObject("profile delete"), OPTIONAL): Object: 'Object Repository/profile delete' is clicked on

01-01-2024T18:53:01 - [MESSAGE][PASSED] - Object: 'Object Repository/profile delete' is clicked on

01-01-2024T18:53:01 - [TEST_STEP][PASSED] - click(findTestObject("profile delete confirm"), OPTIONAL): Object: 'Object Repository/profile delete confirm' is clicked on

01-01-2024T18:53:02 - [MESSAGE][PASSED] - Object: 'Object Repository/profile delete confirm' is clicked on

01-01-2024T18:53:02 - [TEST_STEP][PASSED] - click(findTestObject("profile yang ingin dihapus"), OPTIONAL): Object: 'Object Repository/profile yang ingin dihapus' is clicked on

01-01-2024T18:53:03 - [MESSAGE][PASSED] - Object: 'Object Repository/profile yang ingin dihapus' is clicked on

01-01-2024T18:53:03 - [TEST_STEP][PASSED] - click(findTestObject("profile delete"), OPTIONAL): Object: 'Object Repository/profile delete' is clicked on

01-01-2024T18:53:04 - [MESSAGE][PASSED] - Object: 'Object Repository/profile delete' is clicked on

01-01-2024T18:53:04 - [TEST_STEP][PASSED] - click(findTestObject("profile delete confirm"), OPTIONAL): Object: 'Object Repository/profile delete confirm' is clicked on

01-01-2024T18:53:05 - [MESSAGE][PASSED] - Object: 'Object Repository/profile delete confirm' is clicked on

01-01-2024T18:53:05 - [TEST_STEP][PASSED] - navigateToUrl("https://www.netflix.com/profiles/manage", OPTIONAL): Navigate to 'https://www.netflix.com/profiles/manage' successfully

01-01-2024T18:53:06 - [MESSAGE][PASSED] - Navigate to 'https://www.netflix.com/profiles/manage' successfully

01-01-2024T18:53:06 - [TEST_STEP][PASSED] - click(findTestObject("profile add 2"), STOP_ON_FAILURE): Object: 'Object Repository/profile add 2' is clicked on

01-01-2024T18:53:07 - [MESSAGE][PASSED] - Object: 'Object Repository/profile add 2' is clicked on

01-01-2024T18:53:07 - [TEST_STEP][PASSED] - setText(findTestObject("profile input name"), "Profile 2"): Text 'Profile 2' is set on object 'Object Repository/profile input name'

01-01-2024T18:53:08 - [MESSAGE][PASSED] - Text 'Profile 2' is set on object 'Object Repository/profile input name'

01-01-2024T18:53:08 - [TEST_STEP][PASSED] - click(findTestObject("profile input name continue")): Object: 'Object Repository/profile input name continue' is clicked on

01-01-2024T18:53:09 - [MESSAGE][PASSED] - Object: 'Object Repository/profile input name continue' is clicked on

01-01-2024T18:53:09 - [TEST_STEP][PASSED] - click(findTestObject("profile add 3")): Object: 'Object Repository/profile add 3' is clicked on

01-01-2024T18:53:10 - [MESSAGE][PASSED] - Object: 'Object Repository/profile add 3' is clicked on

01-01-2024T18:53:10 - [TEST_STEP][PASSED] - setText(findTestObject("profile input name"), "Profile 3"): Text 'Profile 3' is set on object 'Object Repository/profile input name'

01-01-2024T18:53:11 - [MESSAGE][PASSED] - Text 'Profile 3' is set on object 'Object Repository/profile input name'

01-01-2024T18:53:11 - [TEST_STEP][PASSED] - click(findTestObject("profile input name continue")): Object: 'Object Repository/profile input name continue' is clicked on

01-01-2024T18:53:12 - [MESSAGE][PASSED] - Object: 'Object Repository/profile input name continue' is clicked on

01-01-2024T18:53:12 - [TEST_STEP][PASSED] - click(findTestObject("profile add 4")): Object: 'Object Repository/profile add 4' is clicked on

01-01-2024T18:53:13 - [MESSAGE][PASSED] - Object: 'Object Repository/profile add 4' is clicked on

01-01-2024T18:53:13 - [TEST_STEP][PASSED] - setText(findTestObject("profile input name"), "Profile 4"): Text 'Profile 4' is set on object 'Object Repository/profile input name'

01-01-2024T18:53:15 - [MESSAGE][PASSED] - Text 'Profile 4' is set on object 'Object Repository/profile input name'

01-01-2024T18:53:15 - [TEST_STEP][PASSED] - click(findTestObject("profile input name continue")): Object: 'Object Repository/profile input name continue' is clicked on

01-01-2024T18:53:15 - [MESSAGE][PASSED] - Object: 'Object Repository/profile input name continue' is clicked on

01-01-2024T18:53:15 - [TEST_STEP][PASSED] - click(findTestObject("profile add 5")): Object: 'Object Repository/profile add 5' is clicked on

01-01-2024T18:53:16 - [MESSAGE][PASSED] - Object: 'Object Repository/profile add 5' is clicked on

01-01-2024T18:53:16 - [TEST_STEP][PASSED] - setText(findTestObject("profile input name"), "Profile 5"): Text 'Profile 5' is set on object 'Object Repository/profile input name'

01-01-2024T18:53:17 - [MESSAGE][PASSED] - Text 'Profile 5' is set on object 'Object Repository/profile input name'

01-01-2024T18:53:17 - [TEST_STEP][PASSED] - click(findTestObject("profile input name continue")): Object: 'Object Repository/profile input name continue' is clicked on

01-01-2024T18:53:18 - [MESSAGE][PASSED] - Object: 'Object Repository/profile input name continue' is clicked on

01-01-2024T18:53:18 - [TEST_STEP][PASSED] - click(findTestObject("profile done")): Object: 'Object Repository/profile done' is clicked on

01-01-2024T18:53:20 - [MESSAGE][PASSED] - Object: 'Object Repository/profile done' is clicked on

01-01-2024T18:53:20 - [TEST_STEP][PASSED] - navigateToUrl("https://www.netflix.com/YourAccount"): Navigate to 'https://www.netflix.com/YourAccount' successfully

01-01-2024T18:53:22 - [MESSAGE][PASSED] - Navigate to 'https://www.netflix.com/YourAccount' successfully

01-01-2024T18:53:22 - [TEST_STEP][PASSED] - click(findTestObject("pin expand button 1")): Object: 'Object Repository/pin expand button 1' is clicked on

01-01-2024T18:53:23 - [MESSAGE][PASSED] - Object: 'Object Repository/pin expand button 1' is clicked on

01-01-2024T18:53:23 - [TEST_STEP][PASSED] - click(findTestObject("pin change 1")): Object: 'Object Repository/pin change 1' is clicked on

01-01-2024T18:53:24 - [MESSAGE][PASSED] - Object: 'Object Repository/pin change 1' is clicked on

01-01-2024T18:53:24 - [TEST_STEP][PASSED] - setEncryptedText(findTestObject("pin input password"), "tcoL0gTvL8A="): Text ****** has been set on object 'Object Repository/pin input password'

01-01-2024T18:53:25 - [MESSAGE][PASSED] - Text ****** has been set on object 'Object Repository/pin input password'

01-01-2024T18:53:25 - [TEST_STEP][PASSED] - click(findTestObject("pin input password continue")): Object: 'Object Repository/pin input password continue' is clicked on

01-01-2024T18:53:25 - [MESSAGE][PASSED] - Object: 'Object Repository/pin input password continue' is clicked on

01-01-2024T18:53:25 - [TEST_STEP][FAILED] - if (verifyElementPresent(findTestObject("verify profile 1"), 0)): Unable to verify object 'Object Repository/verify profile 1' is present (Root cause: com.kms.katalon.core.exception.StepFailedException: Unable to verify object 'Object Repository/verify profile 1' is present
	at com.kms.katalon.core.webui.keyword.internal.WebUIKeywordMain.stepFailed(WebUIKeywordMain.groovy:64)
	at com.kms.katalon.core.webui.keyword.internal.WebUIKeywordMain.runKeyword(WebUIKeywordMain.groovy:26)
	at com.kms.katalon.core.webui.keyword.builtin.VerifyElementPresentKeyword.verifyElementPresent(VerifyElementPresentKeyword.groovy:92)
	at com.kms.katalon.core.webui.keyword.builtin.VerifyElementPresentKeyword.execute(VerifyElementPresentKeyword.groovy:68)
	at com.kms.katalon.core.keyword.internal.KeywordExecutor.executeKeywordForPlatform(KeywordExecutor.groovy:74)
	at com.kms.katalon.core.webui.keyword.WebUiBuiltInKeywords.verifyElementPresent(WebUiBuiltInKeywords.groovy:1503)
	at Profile.run(Profile:98)
	at com.kms.katalon.core.main.ScriptEngine.run(ScriptEngine.java:194)
	at com.kms.katalon.core.main.ScriptEngine.runScriptAsRawText(ScriptEngine.java:119)
	at com.kms.katalon.core.main.TestCaseExecutor.runScript(TestCaseExecutor.java:448)
	at com.kms.katalon.core.main.TestCaseExecutor.doExecute(TestCaseExecutor.java:439)
	at com.kms.katalon.core.main.TestCaseExecutor.processExecutionPhase(TestCaseExecutor.java:418)
	at com.kms.katalon.core.main.TestCaseExecutor.accessMainPhase(TestCaseExecutor.java:410)
	at com.kms.katalon.core.main.TestCaseExecutor.execute(TestCaseExecutor.java:285)
	at com.kms.katalon.core.common.CommonExecutor.accessTestCaseMainPhase(CommonExecutor.java:65)
	at com.kms.katalon.core.main.TestSuiteExecutor.accessTestSuiteMainPhase(TestSuiteExecutor.java:148)
	at com.kms.katalon.core.main.TestSuiteExecutor.execute(TestSuiteExecutor.java:106)
	at com.kms.katalon.core.main.TestCaseMain.startTestSuite(TestCaseMain.java:180)
	at TempTestSuite1704109854804.run(TempTestSuite1704109854804.groovy:36)
	at java.base/jdk.internal.reflect.NativeMethodAccessorImpl.invoke0(Native Method)
	at java.base/jdk.internal.reflect.NativeMethodAccessorImpl.invoke(NativeMethodAccessorImpl.java:77)
	at java.base/jdk.internal.reflect.DelegatingMethodAccessorImpl.invoke(DelegatingMethodAccessorImpl.java:43)
Caused by: com.kms.katalon.core.exception.StepFailedException: com.kms.katalon.core.webui.exception.WebElementNotFoundException: Web element with id: 'Object Repository/verify profile 1' located by '//*[@id="appMountPoint"]/div/div/div/div[2]/div/div/div[2]/div[4]/label' not found
	at com.kms.katalon.core.webui.keyword.internal.WebUIKeywordMain.stepFailed(WebUIKeywordMain.groovy:64)
	at com.kms.katalon.core.webui.keyword.builtin.VerifyElementPresentKeyword$_verifyElementPresent_closure1.doCall(VerifyElementPresentKeyword.groovy:85)
	at com.kms.katalon.core.webui.keyword.builtin.VerifyElementPresentKeyword$_verifyElementPresent_closure1.call(VerifyElementPresentKeyword.groovy)
	at com.kms.katalon.core.webui.keyword.internal.WebUIKeywordMain.runKeyword(WebUIKeywordMain.groovy:20)
	... 20 more
)

01-01-2024T18:53:25 - [MESSAGE][WARNING] - Timeout '0' is invalid. Using default page load timeout: '2'

01-01-2024T18:53:28 - [MESSAGE][INFO] - Unable to find the element located by 'By.xpath: //*[@id="appMountPoint"]/div/div/div/div[2]/div/div/div[2]/div[4]/label'. Please recheck the objects properties to make sure the desired element is located. 

01-01-2024T18:53:28 - [MESSAGE][FAILED] - com.kms.katalon.core.webui.exception.WebElementNotFoundException: Web element with id: 'Object Repository/verify profile 1' located by '//*[@id="appMountPoint"]/div/div/div/div[2]/div/div/div[2]/div[4]/label' not found (Root cause: com.kms.katalon.core.exception.StepFailedException: com.kms.katalon.core.webui.exception.WebElementNotFoundException: Web element with id: 'Object Repository/verify profile 1' located by '//*[@id="appMountPoint"]/div/div/div/div[2]/div/div/div[2]/div[4]/label' not found
	at com.kms.katalon.core.webui.keyword.internal.WebUIKeywordMain.stepFailed(WebUIKeywordMain.groovy:64)
	at com.kms.katalon.core.webui.keyword.builtin.VerifyElementPresentKeyword$_verifyElementPresent_closure1.doCall(VerifyElementPresentKeyword.groovy:85)
	at com.kms.katalon.core.webui.keyword.builtin.VerifyElementPresentKeyword$_verifyElementPresent_closure1.call(VerifyElementPresentKeyword.groovy)
	at com.kms.katalon.core.webui.keyword.internal.WebUIKeywordMain.runKeyword(WebUIKeywordMain.groovy:20)
	at com.kms.katalon.core.webui.keyword.builtin.VerifyElementPresentKeyword.verifyElementPresent(VerifyElementPresentKeyword.groovy:92)
	at com.kms.katalon.core.webui.keyword.builtin.VerifyElementPresentKeyword.execute(VerifyElementPresentKeyword.groovy:68)
	at com.kms.katalon.core.keyword.internal.KeywordExecutor.executeKeywordForPlatform(KeywordExecutor.groovy:74)
	at com.kms.katalon.core.webui.keyword.WebUiBuiltInKeywords.verifyElementPresent(WebUiBuiltInKeywords.groovy:1503)
	at Profile.run(Profile:98)
	at com.kms.katalon.core.main.ScriptEngine.run(ScriptEngine.java:194)
	at com.kms.katalon.core.main.ScriptEngine.runScriptAsRawText(ScriptEngine.java:119)
	at com.kms.katalon.core.main.TestCaseExecutor.runScript(TestCaseExecutor.java:448)
	at com.kms.katalon.core.main.TestCaseExecutor.doExecute(TestCaseExecutor.java:439)
	at com.kms.katalon.core.main.TestCaseExecutor.processExecutionPhase(TestCaseExecutor.java:418)
	at com.kms.katalon.core.main.TestCaseExecutor.accessMainPhase(TestCaseExecutor.java:410)
	at com.kms.katalon.core.main.TestCaseExecutor.execute(TestCaseExecutor.java:285)
	at com.kms.katalon.core.common.CommonExecutor.accessTestCaseMainPhase(CommonExecutor.java:65)
	at com.kms.katalon.core.main.TestSuiteExecutor.accessTestSuiteMainPhase(TestSuiteExecutor.java:148)
	at com.kms.katalon.core.main.TestSuiteExecutor.execute(TestSuiteExecutor.java:106)
	at com.kms.katalon.core.main.TestCaseMain.startTestSuite(TestCaseMain.java:180)
	at TempTestSuite1704109854804.run(TempTestSuite1704109854804.groovy:36)
	at java.base/jdk.internal.reflect.NativeMethodAccessorImpl.invoke0(Native Method)
	at java.base/jdk.internal.reflect.NativeMethodAccessorImpl.invoke(NativeMethodAccessorImpl.java:77)
	at java.base/jdk.internal.reflect.DelegatingMethodAccessorImpl.invoke(DelegatingMethodAccessorImpl.java:43)
)
[[ATTACHMENT|D:\\katalon\\Netflix\\Netflix - Create Profile\\Reports\\20240101_185053\\Reset\\20240101_185054\\1704110008546.png]]

01-01-2024T18:53:28 - [MESSAGE][FAILED] - Unable to verify object 'Object Repository/verify profile 1' is present (Root cause: com.kms.katalon.core.exception.StepFailedException: Unable to verify object 'Object Repository/verify profile 1' is present
	at com.kms.katalon.core.webui.keyword.internal.WebUIKeywordMain.stepFailed(WebUIKeywordMain.groovy:64)
	at com.kms.katalon.core.webui.keyword.internal.WebUIKeywordMain.runKeyword(WebUIKeywordMain.groovy:26)
	at com.kms.katalon.core.webui.keyword.builtin.VerifyElementPresentKeyword.verifyElementPresent(VerifyElementPresentKeyword.groovy:92)
	at com.kms.katalon.core.webui.keyword.builtin.VerifyElementPresentKeyword.execute(VerifyElementPresentKeyword.groovy:68)
	at com.kms.katalon.core.keyword.internal.KeywordExecutor.executeKeywordForPlatform(KeywordExecutor.groovy:74)
	at com.kms.katalon.core.webui.keyword.WebUiBuiltInKeywords.verifyElementPresent(WebUiBuiltInKeywords.groovy:1503)
	at Profile.run(Profile:98)
	at com.kms.katalon.core.main.ScriptEngine.run(ScriptEngine.java:194)
	at com.kms.katalon.core.main.ScriptEngine.runScriptAsRawText(ScriptEngine.java:119)
	at com.kms.katalon.core.main.TestCaseExecutor.runScript(TestCaseExecutor.java:448)
	at com.kms.katalon.core.main.TestCaseExecutor.doExecute(TestCaseExecutor.java:439)
	at com.kms.katalon.core.main.TestCaseExecutor.processExecutionPhase(TestCaseExecutor.java:418)
	at com.kms.katalon.core.main.TestCaseExecutor.accessMainPhase(TestCaseExecutor.java:410)
	at com.kms.katalon.core.main.TestCaseExecutor.execute(TestCaseExecutor.java:285)
	at com.kms.katalon.core.common.CommonExecutor.accessTestCaseMainPhase(CommonExecutor.java:65)
	at com.kms.katalon.core.main.TestSuiteExecutor.accessTestSuiteMainPhase(TestSuiteExecutor.java:148)
	at com.kms.katalon.core.main.TestSuiteExecutor.execute(TestSuiteExecutor.java:106)
	at com.kms.katalon.core.main.TestCaseMain.startTestSuite(TestCaseMain.java:180)
	at TempTestSuite1704109854804.run(TempTestSuite1704109854804.groovy:36)
	at java.base/jdk.internal.reflect.NativeMethodAccessorImpl.invoke0(Native Method)
	at java.base/jdk.internal.reflect.NativeMethodAccessorImpl.invoke(NativeMethodAccessorImpl.java:77)
	at java.base/jdk.internal.reflect.DelegatingMethodAccessorImpl.invoke(DelegatingMethodAccessorImpl.java:43)
Caused by: com.kms.katalon.core.exception.StepFailedException: com.kms.katalon.core.webui.exception.WebElementNotFoundException: Web element with id: 'Object Repository/verify profile 1' located by '//*[@id="appMountPoint"]/div/div/div/div[2]/div/div/div[2]/div[4]/label' not found
	at com.kms.katalon.core.webui.keyword.internal.WebUIKeywordMain.stepFailed(WebUIKeywordMain.groovy:64)
	at com.kms.katalon.core.webui.keyword.builtin.VerifyElementPresentKeyword$_verifyElementPresent_closure1.doCall(VerifyElementPresentKeyword.groovy:85)
	at com.kms.katalon.core.webui.keyword.builtin.VerifyElementPresentKeyword$_verifyElementPresent_closure1.call(VerifyElementPresentKeyword.groovy)
	at com.kms.katalon.core.webui.keyword.internal.WebUIKeywordMain.runKeyword(WebUIKeywordMain.groovy:20)
	... 20 more
)
[[ATTACHMENT|D:\\katalon\\Netflix\\Netflix - Create Profile\\Reports\\20240101_185053\\Reset\\20240101_185054\\1704110008666.png]]]]></system-out>
         <system-err><![CDATA[01-01-2024T18:52:41 - [TEST_CASE][FAILED] - Test Cases/Profile: Test Cases/Profile FAILED.
Reason:
com.kms.katalon.core.exception.StepFailedException: Unable to verify object 'Object Repository/verify profile 1' is present
	at com.kms.katalon.core.webui.keyword.internal.WebUIKeywordMain.stepFailed(WebUIKeywordMain.groovy:64)
	at com.kms.katalon.core.webui.keyword.internal.WebUIKeywordMain.runKeyword(WebUIKeywordMain.groovy:26)
	at com.kms.katalon.core.webui.keyword.builtin.VerifyElementPresentKeyword.verifyElementPresent(VerifyElementPresentKeyword.groovy:92)
	at com.kms.katalon.core.webui.keyword.builtin.VerifyElementPresentKeyword.execute(VerifyElementPresentKeyword.groovy:68)
	at com.kms.katalon.core.keyword.internal.KeywordExecutor.executeKeywordForPlatform(KeywordExecutor.groovy:74)
	at com.kms.katalon.core.webui.keyword.WebUiBuiltInKeywords.verifyElementPresent(WebUiBuiltInKeywords.groovy:1503)
	at Profile.run(Profile:98)
	at com.kms.katalon.core.main.ScriptEngine.run(ScriptEngine.java:194)
	at com.kms.katalon.core.main.ScriptEngine.runScriptAsRawText(ScriptEngine.java:119)
	at com.kms.katalon.core.main.TestCaseExecutor.runScript(TestCaseExecutor.java:448)
	at com.kms.katalon.core.main.TestCaseExecutor.doExecute(TestCaseExecutor.java:439)
	at com.kms.katalon.core.main.TestCaseExecutor.processExecutionPhase(TestCaseExecutor.java:418)
	at com.kms.katalon.core.main.TestCaseExecutor.accessMainPhase(TestCaseExecutor.java:410)
	at com.kms.katalon.core.main.TestCaseExecutor.execute(TestCaseExecutor.java:285)
	at com.kms.katalon.core.common.CommonExecutor.accessTestCaseMainPhase(CommonExecutor.java:65)
	at com.kms.katalon.core.main.TestSuiteExecutor.accessTestSuiteMainPhase(TestSuiteExecutor.java:148)
	at com.kms.katalon.core.main.TestSuiteExecutor.execute(TestSuiteExecutor.java:106)
	at com.kms.katalon.core.main.TestCaseMain.startTestSuite(TestCaseMain.java:180)
	at TempTestSuite1704109854804.run(TempTestSuite1704109854804.groovy:36)
	at java.base/jdk.internal.reflect.NativeMethodAccessorImpl.invoke0(Native Method)
	at java.base/jdk.internal.reflect.NativeMethodAccessorImpl.invoke(NativeMethodAccessorImpl.java:77)
	at java.base/jdk.internal.reflect.DelegatingMethodAccessorImpl.invoke(DelegatingMethodAccessorImpl.java:43)
Caused by: com.kms.katalon.core.exception.StepFailedException: com.kms.katalon.core.webui.exception.WebElementNotFoundException: Web element with id: 'Object Repository/verify profile 1' located by '//*[@id="appMountPoint"]/div/div/div/div[2]/div/div/div[2]/div[4]/label' not found
	at com.kms.katalon.core.webui.keyword.internal.WebUIKeywordMain.stepFailed(WebUIKeywordMain.groovy:64)
	at com.kms.katalon.core.webui.keyword.builtin.VerifyElementPresentKeyword$_verifyElementPresent_closure1.doCall(VerifyElementPresentKeyword.groovy:85)
	at com.kms.katalon.core.webui.keyword.builtin.VerifyElementPresentKeyword$_verifyElementPresent_closure1.call(VerifyElementPresentKeyword.groovy)
	at com.kms.katalon.core.webui.keyword.internal.WebUIKeywordMain.runKeyword(WebUIKeywordMain.groovy:20)
	... 20 more]]></system-err>
      </testcase>
      <testcase name="Test Cases/Profile" time="95.57" classname="Test Cases/Profile" status="PASSED">
         <system-out><![CDATA[01-01-2024T18:53:28 - [TEST_CASE][PASSED] - Test Cases/Profile: Test Cases/Profile

01-01-2024T18:53:28 - [TEST_STEP][PASSED] - openBrowser(""): Browser is opened with url: ''

01-01-2024T18:53:28 - [MESSAGE][WARNING] - A browser is already opened. Closing browser and opening a new one

01-01-2024T18:53:29 - [MESSAGE][INFO] - Starting 'Chrome' driver

01-01-2024T18:53:29 - [MESSAGE][INFO] - Action delay is set to 0 milliseconds

01-01-2024T18:53:29 - [MESSAGE][PASSED] - Browser is opened with url: ''

01-01-2024T18:53:29 - [TEST_STEP][PASSED] - navigateToUrl("https://www.netflix.com/id/login"): Navigate to 'https://www.netflix.com/id/login' successfully

01-01-2024T18:53:33 - [MESSAGE][PASSED] - Navigate to 'https://www.netflix.com/id/login' successfully

01-01-2024T18:53:33 - [TEST_STEP][PASSED] - click(findTestObject("Object Repository/1 email")): Object: 'Object Repository/1 email' is clicked on

01-01-2024T18:53:33 - [MESSAGE][PASSED] - Object: 'Object Repository/1 email' is clicked on

01-01-2024T18:53:33 - [TEST_STEP][PASSED] - setText(findTestObject("Object Repository/2 user id"), email): Text 'evn@frilsa.com' is set on object 'Object Repository/2 user id'

01-01-2024T18:53:34 - [MESSAGE][PASSED] - Text 'evn@frilsa.com' is set on object 'Object Repository/2 user id'

01-01-2024T18:53:34 - [TEST_STEP][PASSED] - setEncryptedText(findTestObject("Object Repository/3 password"), "tcoL0gTvL8A="): Text ****** has been set on object 'Object Repository/3 password'

01-01-2024T18:53:35 - [MESSAGE][PASSED] - Text ****** has been set on object 'Object Repository/3 password'

01-01-2024T18:53:35 - [TEST_STEP][PASSED] - click(findTestObject("Object Repository/4 sign in")): Object: 'Object Repository/4 sign in' is clicked on

01-01-2024T18:53:35 - [MESSAGE][PASSED] - Object: 'Object Repository/4 sign in' is clicked on

01-01-2024T18:53:35 - [TEST_STEP][PASSED] - delay(5): Delayed 5 second(s)

01-01-2024T18:53:40 - [MESSAGE][PASSED] - Delayed 5 second(s)

01-01-2024T18:53:40 - [TEST_STEP][PASSED] - navigateToUrl("https://www.netflix.com/profiles/manage"): Navigate to 'https://www.netflix.com/profiles/manage' successfully

01-01-2024T18:53:41 - [MESSAGE][PASSED] - Navigate to 'https://www.netflix.com/profiles/manage' successfully

01-01-2024T18:53:41 - [TEST_STEP][PASSED] - click(findTestObject("profile yang ingin dihapus"), OPTIONAL): Object: 'Object Repository/profile yang ingin dihapus' is clicked on

01-01-2024T18:53:42 - [MESSAGE][PASSED] - Object: 'Object Repository/profile yang ingin dihapus' is clicked on

01-01-2024T18:53:42 - [TEST_STEP][PASSED] - click(findTestObject("profile delete"), OPTIONAL): Object: 'Object Repository/profile delete' is clicked on

01-01-2024T18:53:43 - [MESSAGE][PASSED] - Object: 'Object Repository/profile delete' is clicked on

01-01-2024T18:53:43 - [TEST_STEP][PASSED] - click(findTestObject("profile delete confirm"), OPTIONAL): Object: 'Object Repository/profile delete confirm' is clicked on

01-01-2024T18:53:44 - [MESSAGE][PASSED] - Object: 'Object Repository/profile delete confirm' is clicked on

01-01-2024T18:53:44 - [TEST_STEP][PASSED] - click(findTestObject("profile yang ingin dihapus"), OPTIONAL): Object: 'Object Repository/profile yang ingin dihapus' is clicked on

01-01-2024T18:53:45 - [MESSAGE][PASSED] - Object: 'Object Repository/profile yang ingin dihapus' is clicked on

01-01-2024T18:53:45 - [TEST_STEP][PASSED] - click(findTestObject("profile delete"), OPTIONAL): Object: 'Object Repository/profile delete' is clicked on

01-01-2024T18:53:46 - [MESSAGE][PASSED] - Object: 'Object Repository/profile delete' is clicked on

01-01-2024T18:53:46 - [TEST_STEP][PASSED] - click(findTestObject("profile delete confirm"), OPTIONAL): Object: 'Object Repository/profile delete confirm' is clicked on

01-01-2024T18:53:46 - [MESSAGE][PASSED] - Object: 'Object Repository/profile delete confirm' is clicked on

01-01-2024T18:53:46 - [TEST_STEP][PASSED] - click(findTestObject("profile yang ingin dihapus"), OPTIONAL): Object: 'Object Repository/profile yang ingin dihapus' is clicked on

01-01-2024T18:53:47 - [MESSAGE][PASSED] - Object: 'Object Repository/profile yang ingin dihapus' is clicked on

01-01-2024T18:53:47 - [TEST_STEP][PASSED] - click(findTestObject("profile delete"), OPTIONAL): Object: 'Object Repository/profile delete' is clicked on

01-01-2024T18:53:49 - [MESSAGE][PASSED] - Object: 'Object Repository/profile delete' is clicked on

01-01-2024T18:53:49 - [TEST_STEP][PASSED] - click(findTestObject("profile delete confirm"), OPTIONAL): Object: 'Object Repository/profile delete confirm' is clicked on

01-01-2024T18:53:49 - [MESSAGE][PASSED] - Object: 'Object Repository/profile delete confirm' is clicked on

01-01-2024T18:53:49 - [TEST_STEP][PASSED] - click(findTestObject("profile yang ingin dihapus"), OPTIONAL): Object: 'Object Repository/profile yang ingin dihapus' is clicked on

01-01-2024T18:53:50 - [MESSAGE][PASSED] - Object: 'Object Repository/profile yang ingin dihapus' is clicked on

01-01-2024T18:53:50 - [TEST_STEP][PASSED] - click(findTestObject("profile delete"), OPTIONAL): Object: 'Object Repository/profile delete' is clicked on

01-01-2024T18:53:52 - [MESSAGE][PASSED] - Object: 'Object Repository/profile delete' is clicked on

01-01-2024T18:53:52 - [TEST_STEP][PASSED] - click(findTestObject("profile delete confirm"), OPTIONAL): Object: 'Object Repository/profile delete confirm' is clicked on

01-01-2024T18:53:52 - [MESSAGE][PASSED] - Object: 'Object Repository/profile delete confirm' is clicked on

01-01-2024T18:53:52 - [TEST_STEP][PASSED] - navigateToUrl("https://www.netflix.com/profiles/manage", OPTIONAL): Navigate to 'https://www.netflix.com/profiles/manage' successfully

01-01-2024T18:53:53 - [MESSAGE][PASSED] - Navigate to 'https://www.netflix.com/profiles/manage' successfully

01-01-2024T18:53:53 - [TEST_STEP][PASSED] - click(findTestObject("profile add 2"), STOP_ON_FAILURE): Object: 'Object Repository/profile add 2' is clicked on

01-01-2024T18:53:55 - [MESSAGE][PASSED] - Object: 'Object Repository/profile add 2' is clicked on

01-01-2024T18:53:55 - [TEST_STEP][PASSED] - setText(findTestObject("profile input name"), "Profile 2"): Text 'Profile 2' is set on object 'Object Repository/profile input name'

01-01-2024T18:53:57 - [MESSAGE][PASSED] - Text 'Profile 2' is set on object 'Object Repository/profile input name'

01-01-2024T18:53:57 - [TEST_STEP][PASSED] - click(findTestObject("profile input name continue")): Object: 'Object Repository/profile input name continue' is clicked on

01-01-2024T18:53:57 - [MESSAGE][PASSED] - Object: 'Object Repository/profile input name continue' is clicked on

01-01-2024T18:53:57 - [TEST_STEP][PASSED] - click(findTestObject("profile add 3")): Object: 'Object Repository/profile add 3' is clicked on

01-01-2024T18:53:58 - [MESSAGE][PASSED] - Object: 'Object Repository/profile add 3' is clicked on

01-01-2024T18:53:58 - [TEST_STEP][PASSED] - setText(findTestObject("profile input name"), "Profile 3"): Text 'Profile 3' is set on object 'Object Repository/profile input name'

01-01-2024T18:54:00 - [MESSAGE][PASSED] - Text 'Profile 3' is set on object 'Object Repository/profile input name'

01-01-2024T18:54:00 - [TEST_STEP][PASSED] - click(findTestObject("profile input name continue")): Object: 'Object Repository/profile input name continue' is clicked on

01-01-2024T18:54:00 - [MESSAGE][PASSED] - Object: 'Object Repository/profile input name continue' is clicked on

01-01-2024T18:54:00 - [TEST_STEP][PASSED] - click(findTestObject("profile add 4")): Object: 'Object Repository/profile add 4' is clicked on

01-01-2024T18:54:01 - [MESSAGE][PASSED] - Object: 'Object Repository/profile add 4' is clicked on

01-01-2024T18:54:01 - [TEST_STEP][PASSED] - setText(findTestObject("profile input name"), "Profile 4"): Text 'Profile 4' is set on object 'Object Repository/profile input name'

01-01-2024T18:54:03 - [MESSAGE][PASSED] - Text 'Profile 4' is set on object 'Object Repository/profile input name'

01-01-2024T18:54:03 - [TEST_STEP][PASSED] - click(findTestObject("profile input name continue")): Object: 'Object Repository/profile input name continue' is clicked on

01-01-2024T18:54:03 - [MESSAGE][PASSED] - Object: 'Object Repository/profile input name continue' is clicked on

01-01-2024T18:54:03 - [TEST_STEP][PASSED] - click(findTestObject("profile add 5")): Object: 'Object Repository/profile add 5' is clicked on

01-01-2024T18:54:04 - [MESSAGE][PASSED] - Object: 'Object Repository/profile add 5' is clicked on

01-01-2024T18:54:04 - [TEST_STEP][PASSED] - setText(findTestObject("profile input name"), "Profile 5"): Text 'Profile 5' is set on object 'Object Repository/profile input name'

01-01-2024T18:54:06 - [MESSAGE][PASSED] - Text 'Profile 5' is set on object 'Object Repository/profile input name'

01-01-2024T18:54:06 - [TEST_STEP][PASSED] - click(findTestObject("profile input name continue")): Object: 'Object Repository/profile input name continue' is clicked on

01-01-2024T18:54:06 - [MESSAGE][PASSED] - Object: 'Object Repository/profile input name continue' is clicked on

01-01-2024T18:54:06 - [TEST_STEP][PASSED] - click(findTestObject("profile done")): Object: 'Object Repository/profile done' is clicked on

01-01-2024T18:54:09 - [MESSAGE][PASSED] - Object: 'Object Repository/profile done' is clicked on

01-01-2024T18:54:09 - [TEST_STEP][PASSED] - navigateToUrl("https://www.netflix.com/YourAccount"): Navigate to 'https://www.netflix.com/YourAccount' successfully

01-01-2024T18:54:11 - [MESSAGE][PASSED] - Navigate to 'https://www.netflix.com/YourAccount' successfully

01-01-2024T18:54:11 - [TEST_STEP][PASSED] - click(findTestObject("pin expand button 1")): Object: 'Object Repository/pin expand button 1' is clicked on

01-01-2024T18:54:12 - [MESSAGE][PASSED] - Object: 'Object Repository/pin expand button 1' is clicked on

01-01-2024T18:54:12 - [TEST_STEP][PASSED] - click(findTestObject("pin change 1")): Object: 'Object Repository/pin change 1' is clicked on

01-01-2024T18:54:14 - [MESSAGE][PASSED] - Object: 'Object Repository/pin change 1' is clicked on

01-01-2024T18:54:14 - [TEST_STEP][PASSED] - setEncryptedText(findTestObject("pin input password"), "tcoL0gTvL8A="): Text ****** has been set on object 'Object Repository/pin input password'

01-01-2024T18:54:14 - [MESSAGE][PASSED] - Text ****** has been set on object 'Object Repository/pin input password'

01-01-2024T18:54:14 - [TEST_STEP][PASSED] - click(findTestObject("pin input password continue")): Object: 'Object Repository/pin input password continue' is clicked on

01-01-2024T18:54:15 - [MESSAGE][PASSED] - Object: 'Object Repository/pin input password continue' is clicked on

01-01-2024T18:54:15 - [TEST_STEP][PASSED] - if (verifyElementPresent(findTestObject("verify profile 1"), 0)): null

01-01-2024T18:54:15 - [MESSAGE][WARNING] - Timeout '0' is invalid. Using default page load timeout: '2'

01-01-2024T18:54:16 - [MESSAGE][PASSED] - Object 'Object Repository/verify profile 1' is present

01-01-2024T18:54:16 - [TEST_STEP][PASSED] - click(findTestObject("verify profile 1 cancel")): Object: 'Object Repository/verify profile 1 cancel' is clicked on

01-01-2024T18:54:17 - [MESSAGE][PASSED] - Object: 'Object Repository/verify profile 1 cancel' is clicked on

01-01-2024T18:54:17 - [TEST_STEP][PASSED] - click(findTestObject("pin expand button 2")): Object: 'Object Repository/pin expand button 2' is clicked on

01-01-2024T18:54:18 - [MESSAGE][PASSED] - Object: 'Object Repository/pin expand button 2' is clicked on

01-01-2024T18:54:18 - [TEST_STEP][PASSED] - click(findTestObject("pin change 2")): Object: 'Object Repository/pin change 2' is clicked on

01-01-2024T18:54:19 - [MESSAGE][PASSED] - Object: 'Object Repository/pin change 2' is clicked on

01-01-2024T18:54:19 - [TEST_STEP][PASSED] - setEncryptedText(findTestObject("pin input password"), "tcoL0gTvL8A="): Text ****** has been set on object 'Object Repository/pin input password'

01-01-2024T18:54:20 - [MESSAGE][PASSED] - Text ****** has been set on object 'Object Repository/pin input password'

01-01-2024T18:54:20 - [TEST_STEP][PASSED] - click(findTestObject("pin input password continue")): Object: 'Object Repository/pin input password continue' is clicked on

01-01-2024T18:54:20 - [MESSAGE][PASSED] - Object: 'Object Repository/pin input password continue' is clicked on

01-01-2024T18:54:20 - [TEST_STEP][PASSED] - click(findTestObject("pin checkbox")): Object: 'Object Repository/pin checkbox' is clicked on

01-01-2024T18:54:21 - [MESSAGE][PASSED] - Object: 'Object Repository/pin checkbox' is clicked on

01-01-2024T18:54:21 - [TEST_STEP][PASSED] - setText(findTestObject("pin input A"), "1"): Text '1' is set on object 'Object Repository/pin input A'

01-01-2024T18:54:22 - [MESSAGE][PASSED] - Text '1' is set on object 'Object Repository/pin input A'

01-01-2024T18:54:22 - [TEST_STEP][PASSED] - setText(findTestObject("pin input B"), "1"): Text '1' is set on object 'Object Repository/pin input B'

01-01-2024T18:54:23 - [MESSAGE][PASSED] - Text '1' is set on object 'Object Repository/pin input B'

01-01-2024T18:54:23 - [TEST_STEP][PASSED] - setText(findTestObject("pin input C"), "1"): Text '1' is set on object 'Object Repository/pin input C'

01-01-2024T18:54:23 - [MESSAGE][PASSED] - Text '1' is set on object 'Object Repository/pin input C'

01-01-2024T18:54:23 - [TEST_STEP][PASSED] - setText(findTestObject("pin input D"), "2"): Text '2' is set on object 'Object Repository/pin input D'

01-01-2024T18:54:24 - [MESSAGE][PASSED] - Text '2' is set on object 'Object Repository/pin input D'

01-01-2024T18:54:24 - [TEST_STEP][PASSED] - click(findTestObject("pin input save 2"), STOP_ON_FAILURE): Object: 'Object Repository/pin input save 2' is clicked on

01-01-2024T18:54:25 - [MESSAGE][PASSED] - Object: 'Object Repository/pin input save 2' is clicked on

01-01-2024T18:54:25 - [TEST_STEP][PASSED] - click(findTestObject("pin expand button 3")): Object: 'Object Repository/pin expand button 3' is clicked on

01-01-2024T18:54:27 - [MESSAGE][PASSED] - Object: 'Object Repository/pin expand button 3' is clicked on

01-01-2024T18:54:27 - [TEST_STEP][PASSED] - click(findTestObject("pin change 3")): Object: 'Object Repository/pin change 3' is clicked on

01-01-2024T18:54:28 - [MESSAGE][PASSED] - Object: 'Object Repository/pin change 3' is clicked on

01-01-2024T18:54:28 - [TEST_STEP][PASSED] - setEncryptedText(findTestObject("pin input password"), "tcoL0gTvL8A="): Text ****** has been set on object 'Object Repository/pin input password'

01-01-2024T18:54:29 - [MESSAGE][PASSED] - Text ****** has been set on object 'Object Repository/pin input password'

01-01-2024T18:54:29 - [TEST_STEP][PASSED] - click(findTestObject("pin input password continue")): Object: 'Object Repository/pin input password continue' is clicked on

01-01-2024T18:54:29 - [MESSAGE][PASSED] - Object: 'Object Repository/pin input password continue' is clicked on

01-01-2024T18:54:29 - [TEST_STEP][PASSED] - click(findTestObject("pin checkbox")): Object: 'Object Repository/pin checkbox' is clicked on

01-01-2024T18:54:30 - [MESSAGE][PASSED] - Object: 'Object Repository/pin checkbox' is clicked on

01-01-2024T18:54:30 - [TEST_STEP][PASSED] - setText(findTestObject("pin input A"), "1"): Text '1' is set on object 'Object Repository/pin input A'

01-01-2024T18:54:31 - [MESSAGE][PASSED] - Text '1' is set on object 'Object Repository/pin input A'

01-01-2024T18:54:31 - [TEST_STEP][PASSED] - setText(findTestObject("pin input B"), "1"): Text '1' is set on object 'Object Repository/pin input B'

01-01-2024T18:54:32 - [MESSAGE][PASSED] - Text '1' is set on object 'Object Repository/pin input B'

01-01-2024T18:54:32 - [TEST_STEP][PASSED] - setText(findTestObject("pin input C"), "1"): Text '1' is set on object 'Object Repository/pin input C'

01-01-2024T18:54:33 - [MESSAGE][PASSED] - Text '1' is set on object 'Object Repository/pin input C'

01-01-2024T18:54:33 - [TEST_STEP][PASSED] - setText(findTestObject("pin input D"), "3"): Text '3' is set on object 'Object Repository/pin input D'

01-01-2024T18:54:33 - [MESSAGE][PASSED] - Text '3' is set on object 'Object Repository/pin input D'

01-01-2024T18:54:33 - [TEST_STEP][PASSED] - click(findTestObject("pin input save 3"), STOP_ON_FAILURE): Object: 'Object Repository/pin input save 3' is clicked on

01-01-2024T18:54:34 - [MESSAGE][PASSED] - Object: 'Object Repository/pin input save 3' is clicked on

01-01-2024T18:54:34 - [TEST_STEP][PASSED] - click(findTestObject("pin expand button 4")): Object: 'Object Repository/pin expand button 4' is clicked on

01-01-2024T18:54:36 - [MESSAGE][PASSED] - Object: 'Object Repository/pin expand button 4' is clicked on

01-01-2024T18:54:36 - [TEST_STEP][PASSED] - click(findTestObject("pin change 4")): Object: 'Object Repository/pin change 4' is clicked on

01-01-2024T18:54:38 - [MESSAGE][PASSED] - Object: 'Object Repository/pin change 4' is clicked on

01-01-2024T18:54:38 - [TEST_STEP][PASSED] - setEncryptedText(findTestObject("pin input password"), "tcoL0gTvL8A="): Text ****** has been set on object 'Object Repository/pin input password'

01-01-2024T18:54:38 - [MESSAGE][PASSED] - Text ****** has been set on object 'Object Repository/pin input password'

01-01-2024T18:54:38 - [TEST_STEP][PASSED] - click(findTestObject("pin input password continue")): Object: 'Object Repository/pin input password continue' is clicked on

01-01-2024T18:54:39 - [MESSAGE][PASSED] - Object: 'Object Repository/pin input password continue' is clicked on

01-01-2024T18:54:39 - [TEST_STEP][PASSED] - click(findTestObject("pin checkbox")): Object: 'Object Repository/pin checkbox' is clicked on

01-01-2024T18:54:40 - [MESSAGE][PASSED] - Object: 'Object Repository/pin checkbox' is clicked on

01-01-2024T18:54:40 - [TEST_STEP][PASSED] - setText(findTestObject("pin input A"), "1"): Text '1' is set on object 'Object Repository/pin input A'

01-01-2024T18:54:40 - [MESSAGE][PASSED] - Text '1' is set on object 'Object Repository/pin input A'

01-01-2024T18:54:40 - [TEST_STEP][PASSED] - setText(findTestObject("pin input B"), "1"): Text '1' is set on object 'Object Repository/pin input B'

01-01-2024T18:54:41 - [MESSAGE][PASSED] - Text '1' is set on object 'Object Repository/pin input B'

01-01-2024T18:54:41 - [TEST_STEP][PASSED] - setText(findTestObject("pin input C"), "1"): Text '1' is set on object 'Object Repository/pin input C'

01-01-2024T18:54:42 - [MESSAGE][PASSED] - Text '1' is set on object 'Object Repository/pin input C'

01-01-2024T18:54:42 - [TEST_STEP][PASSED] - setText(findTestObject("pin input D"), "4"): Text '4' is set on object 'Object Repository/pin input D'

01-01-2024T18:54:43 - [MESSAGE][PASSED] - Text '4' is set on object 'Object Repository/pin input D'

01-01-2024T18:54:43 - [TEST_STEP][PASSED] - click(findTestObject("pin input save 4"), STOP_ON_FAILURE): Object: 'Object Repository/pin input save 4' is clicked on

01-01-2024T18:54:44 - [MESSAGE][PASSED] - Object: 'Object Repository/pin input save 4' is clicked on

01-01-2024T18:54:44 - [TEST_STEP][PASSED] - click(findTestObject("pin expand button 5")): Object: 'Object Repository/pin expand button 5' is clicked on

01-01-2024T18:54:46 - [MESSAGE][PASSED] - Object: 'Object Repository/pin expand button 5' is clicked on

01-01-2024T18:54:46 - [TEST_STEP][PASSED] - click(findTestObject("pin change 5")): Object: 'Object Repository/pin change 5' is clicked on

01-01-2024T18:54:47 - [MESSAGE][PASSED] - Object: 'Object Repository/pin change 5' is clicked on

01-01-2024T18:54:47 - [TEST_STEP][PASSED] - setEncryptedText(findTestObject("pin input password"), "tcoL0gTvL8A="): Text ****** has been set on object 'Object Repository/pin input password'

01-01-2024T18:54:48 - [MESSAGE][PASSED] - Text ****** has been set on object 'Object Repository/pin input password'

01-01-2024T18:54:48 - [TEST_STEP][PASSED] - click(findTestObject("pin input password continue")): Object: 'Object Repository/pin input password continue' is clicked on

01-01-2024T18:54:48 - [MESSAGE][PASSED] - Object: 'Object Repository/pin input password continue' is clicked on

01-01-2024T18:54:48 - [TEST_STEP][PASSED] - click(findTestObject("pin checkbox")): Object: 'Object Repository/pin checkbox' is clicked on

01-01-2024T18:54:49 - [MESSAGE][PASSED] - Object: 'Object Repository/pin checkbox' is clicked on

01-01-2024T18:54:49 - [TEST_STEP][PASSED] - setText(findTestObject("pin input A"), "1"): Text '1' is set on object 'Object Repository/pin input A'

01-01-2024T18:54:50 - [MESSAGE][PASSED] - Text '1' is set on object 'Object Repository/pin input A'

01-01-2024T18:54:50 - [TEST_STEP][PASSED] - setText(findTestObject("pin input B"), "1"): Text '1' is set on object 'Object Repository/pin input B'

01-01-2024T18:54:50 - [MESSAGE][PASSED] - Text '1' is set on object 'Object Repository/pin input B'

01-01-2024T18:54:50 - [TEST_STEP][PASSED] - setText(findTestObject("pin input C"), "1"): Text '1' is set on object 'Object Repository/pin input C'

01-01-2024T18:54:51 - [MESSAGE][PASSED] - Text '1' is set on object 'Object Repository/pin input C'

01-01-2024T18:54:51 - [TEST_STEP][PASSED] - setText(findTestObject("pin input D"), "5"): Text '5' is set on object 'Object Repository/pin input D'

01-01-2024T18:54:52 - [MESSAGE][PASSED] - Text '5' is set on object 'Object Repository/pin input D'

01-01-2024T18:54:52 - [TEST_STEP][PASSED] - click(findTestObject("pin input save 5"), STOP_ON_FAILURE): Object: 'Object Repository/pin input save 5' is clicked on

01-01-2024T18:54:53 - [MESSAGE][PASSED] - Object: 'Object Repository/pin input save 5' is clicked on

01-01-2024T18:54:53 - [TEST_STEP][PASSED] - delay(5): Delayed 5 second(s)

01-01-2024T18:54:58 - [MESSAGE][PASSED] - Delayed 5 second(s)

01-01-2024T18:54:58 - [TEST_STEP][PASSED] - navigateToUrl("https://www.netflix.com/id/logout"): Navigate to 'https://www.netflix.com/id/logout' successfully

01-01-2024T18:54:59 - [MESSAGE][PASSED] - Navigate to 'https://www.netflix.com/id/logout' successfully

01-01-2024T18:54:59 - [TEST_STEP][PASSED] - delay(5): Delayed 5 second(s)

01-01-2024T18:55:04 - [MESSAGE][PASSED] - Delayed 5 second(s)]]></system-out>
         <system-err><![CDATA[]]></system-err>
      </testcase>
      <system-out><![CDATA[01-01-2024T18:51:01 - [TEST_SUITE][FAILED] - Reset: Test Cases/Profile FAILED.
Reason:
com.kms.katalon.core.exception.StepFailedException: Unable to verify object 'Object Repository/verify profile 1' is present
	at com.kms.katalon.core.webui.keyword.internal.WebUIKeywordMain.stepFailed(WebUIKeywordMain.groovy:64)
	at com.kms.katalon.core.webui.keyword.internal.WebUIKeywordMain.runKeyword(WebUIKeywordMain.groovy:26)
	at com.kms.katalon.core.webui.keyword.builtin.VerifyElementPresentKeyword.verifyElementPresent(VerifyElementPresentKeyword.groovy:92)
	at com.kms.katalon.core.webui.keyword.builtin.VerifyElementPresentKeyword.execute(VerifyElementPresentKeyword.groovy:68)
	at com.kms.katalon.core.keyword.internal.KeywordExecutor.executeKeywordForPlatform(KeywordExecutor.groovy:74)
	at com.kms.katalon.core.webui.keyword.WebUiBuiltInKeywords.verifyElementPresent(WebUiBuiltInKeywords.groovy:1503)
	at Profile.run(Profile:98)
	at com.kms.katalon.core.main.ScriptEngine.run(ScriptEngine.java:194)
	at com.kms.katalon.core.main.ScriptEngine.runScriptAsRawText(ScriptEngine.java:119)
	at com.kms.katalon.core.main.TestCaseExecutor.runScript(TestCaseExecutor.java:448)
	at com.kms.katalon.core.main.TestCaseExecutor.doExecute(TestCaseExecutor.java:439)
	at com.kms.katalon.core.main.TestCaseExecutor.processExecutionPhase(TestCaseExecutor.java:418)
	at com.kms.katalon.core.main.TestCaseExecutor.accessMainPhase(TestCaseExecutor.java:410)
	at com.kms.katalon.core.main.TestCaseExecutor.execute(TestCaseExecutor.java:285)
	at com.kms.katalon.core.common.CommonExecutor.accessTestCaseMainPhase(CommonExecutor.java:65)
	at com.kms.katalon.core.main.TestSuiteExecutor.accessTestSuiteMainPhase(TestSuiteExecutor.java:148)
	at com.kms.katalon.core.main.TestSuiteExecutor.execute(TestSuiteExecutor.java:106)
	at com.kms.katalon.core.main.TestCaseMain.startTestSuite(TestCaseMain.java:180)
	at TempTestSuite1704109854804.run(TempTestSuite1704109854804.groovy:36)
	at java.base/jdk.internal.reflect.NativeMethodAccessorImpl.invoke0(Native Method)
	at java.base/jdk.internal.reflect.NativeMethodAccessorImpl.invoke(NativeMethodAccessorImpl.java:77)
	at java.base/jdk.internal.reflect.DelegatingMethodAccessorImpl.invoke(DelegatingMethodAccessorImpl.java:43)
Caused by: com.kms.katalon.core.exception.StepFailedException: com.kms.katalon.core.webui.exception.WebElementNotFoundException: Web element with id: 'Object Repository/verify profile 1' located by '//*[@id="appMountPoint"]/div/div/div/div[2]/div/div/div[2]/div[4]/label' not found
	at com.kms.katalon.core.webui.keyword.internal.WebUIKeywordMain.stepFailed(WebUIKeywordMain.groovy:64)
	at com.kms.katalon.core.webui.keyword.builtin.VerifyElementPresentKeyword$_verifyElementPresent_closure1.doCall(VerifyElementPresentKeyword.groovy:85)
	at com.kms.katalon.core.webui.keyword.builtin.VerifyElementPresentKeyword$_verifyElementPresent_closure1.call(VerifyElementPresentKeyword.groovy)
	at com.kms.katalon.core.webui.keyword.internal.WebUIKeywordMain.runKeyword(WebUIKeywordMain.groovy:20)
	... 20 more]]></system-out>
      <system-err><![CDATA[01-01-2024T18:51:01 - [TEST_SUITE][FAILED] - Reset: Test Cases/Profile FAILED.
Reason:
com.kms.katalon.core.exception.StepFailedException: Unable to verify object 'Object Repository/verify profile 1' is present
	at com.kms.katalon.core.webui.keyword.internal.WebUIKeywordMain.stepFailed(WebUIKeywordMain.groovy:64)
	at com.kms.katalon.core.webui.keyword.internal.WebUIKeywordMain.runKeyword(WebUIKeywordMain.groovy:26)
	at com.kms.katalon.core.webui.keyword.builtin.VerifyElementPresentKeyword.verifyElementPresent(VerifyElementPresentKeyword.groovy:92)
	at com.kms.katalon.core.webui.keyword.builtin.VerifyElementPresentKeyword.execute(VerifyElementPresentKeyword.groovy:68)
	at com.kms.katalon.core.keyword.internal.KeywordExecutor.executeKeywordForPlatform(KeywordExecutor.groovy:74)
	at com.kms.katalon.core.webui.keyword.WebUiBuiltInKeywords.verifyElementPresent(WebUiBuiltInKeywords.groovy:1503)
	at Profile.run(Profile:98)
	at com.kms.katalon.core.main.ScriptEngine.run(ScriptEngine.java:194)
	at com.kms.katalon.core.main.ScriptEngine.runScriptAsRawText(ScriptEngine.java:119)
	at com.kms.katalon.core.main.TestCaseExecutor.runScript(TestCaseExecutor.java:448)
	at com.kms.katalon.core.main.TestCaseExecutor.doExecute(TestCaseExecutor.java:439)
	at com.kms.katalon.core.main.TestCaseExecutor.processExecutionPhase(TestCaseExecutor.java:418)
	at com.kms.katalon.core.main.TestCaseExecutor.accessMainPhase(TestCaseExecutor.java:410)
	at com.kms.katalon.core.main.TestCaseExecutor.execute(TestCaseExecutor.java:285)
	at com.kms.katalon.core.common.CommonExecutor.accessTestCaseMainPhase(CommonExecutor.java:65)
	at com.kms.katalon.core.main.TestSuiteExecutor.accessTestSuiteMainPhase(TestSuiteExecutor.java:148)
	at com.kms.katalon.core.main.TestSuiteExecutor.execute(TestSuiteExecutor.java:106)
	at com.kms.katalon.core.main.TestCaseMain.startTestSuite(TestCaseMain.java:180)
	at TempTestSuite1704109854804.run(TempTestSuite1704109854804.groovy:36)
	at java.base/jdk.internal.reflect.NativeMethodAccessorImpl.invoke0(Native Method)
	at java.base/jdk.internal.reflect.NativeMethodAccessorImpl.invoke(NativeMethodAccessorImpl.java:77)
	at java.base/jdk.internal.reflect.DelegatingMethodAccessorImpl.invoke(DelegatingMethodAccessorImpl.java:43)
Caused by: com.kms.katalon.core.exception.StepFailedException: com.kms.katalon.core.webui.exception.WebElementNotFoundException: Web element with id: 'Object Repository/verify profile 1' located by '//*[@id="appMountPoint"]/div/div/div/div[2]/div/div/div[2]/div[4]/label' not found
	at com.kms.katalon.core.webui.keyword.internal.WebUIKeywordMain.stepFailed(WebUIKeywordMain.groovy:64)
	at com.kms.katalon.core.webui.keyword.builtin.VerifyElementPresentKeyword$_verifyElementPresent_closure1.doCall(VerifyElementPresentKeyword.groovy:85)
	at com.kms.katalon.core.webui.keyword.builtin.VerifyElementPresentKeyword$_verifyElementPresent_closure1.call(VerifyElementPresentKeyword.groovy)
	at com.kms.katalon.core.webui.keyword.internal.WebUIKeywordMain.runKeyword(WebUIKeywordMain.groovy:20)
	... 20 more]]></system-err>
   </testsuite>
</testsuites>
